[2026-04-25 20:45:18] OPTIONS /E-learning/backend/index.php/api/auth/login
[2026-04-25 20:45:18] POST /E-learning/backend/index.php/api/auth/login
[2026-04-25 20:46:38] OPTIONS /E-learning/backend/index.php/api/auth/login
[2026-04-25 20:46:38] POST /E-learning/backend/index.php/api/auth/login
[2026-04-25 20:46:39] OPTIONS /E-learning/backend/index.php/api/admin/overview
[2026-04-25 20:46:39] OPTIONS /E-learning/backend/index.php/api/admin/overview
[2026-04-25 20:46:39] GET /E-learning/backend/index.php/api/admin/overview
[2026-04-25 20:46:39] GET /E-learning/backend/index.php/api/admin/overview
[2026-04-25 20:47:28] OPTIONS /E-learning/backend/index.php/api/admin/users
[2026-04-25 20:47:28] OPTIONS /E-learning/backend/index.php/api/admin/users
[2026-04-25 20:47:28] GET /E-learning/backend/index.php/api/admin/users
[2026-04-25 20:47:28] GET /E-learning/backend/index.php/api/admin/users
[2026-04-25 20:47:34] OPTIONS /E-learning/backend/index.php/api/classes
[2026-04-25 20:47:34] OPTIONS /E-learning/backend/index.php/api/subjects
[2026-04-25 20:47:34] GET /E-learning/backend/index.php/api/classes
[2026-04-25 20:47:34] OPTIONS /E-learning/backend/index.php/api/admin/assignments
[2026-04-25 20:47:34] OPTIONS /E-learning/backend/index.php/api/admin/users?role=teacher
[2026-04-25 20:47:34] OPTIONS /E-learning/backend/index.php/api/subjects
[2026-04-25 20:47:34] OPTIONS /E-learning/backend/index.php/api/admin/users?role=teacher
[2026-04-25 20:47:34] OPTIONS /E-learning/backend/index.php/api/admin/assignments
[2026-04-25 20:47:34] GET /E-learning/backend/index.php/api/admin/assignments
[2026-04-25 20:47:34] GET /E-learning/backend/index.php/api/admin/users?role=teacher
[2026-04-25 20:47:34] GET /E-learning/backend/index.php/api/subjects
[2026-04-25 20:47:34] GET /E-learning/backend/index.php/api/classes
[2026-04-25 20:47:34] GET /E-learning/backend/index.php/api/admin/assignments
[2026-04-25 20:47:34] GET /E-learning/backend/index.php/api/admin/users?role=teacher
[2026-04-25 20:47:34] GET /E-learning/backend/index.php/api/subjects
[2026-04-25 20:52:02] OPTIONS /E-learning/backend/index.php/api/auth/login
[2026-04-25 20:52:02] POST /E-learning/backend/index.php/api/auth/login
[2026-04-25 20:52:13] OPTIONS /E-learning/backend/index.php/api/auth/login
[2026-04-25 20:52:13] POST /E-learning/backend/index.php/api/auth/login
[2026-04-25 20:55:54] OPTIONS /E-learning/backend/index.php/api/auth/login
[2026-04-25 20:55:54] POST /E-learning/backend/index.php/api/auth/login
[2026-04-25 20:55:54] OPTIONS /E-learning/backend/index.php/api/teacher/courses
[2026-04-25 20:55:54] OPTIONS /E-learning/backend/index.php/api/teacher/courses
[2026-04-25 20:55:54] GET /E-learning/backend/index.php/api/teacher/courses
[2026-04-25 20:55:54] GET /E-learning/backend/index.php/api/teacher/courses
[2026-04-25 20:56:06] OPTIONS /E-learning/backend/index.php/api/assignments/my-assignments
[2026-04-25 20:56:06] OPTIONS /E-learning/backend/index.php/api/teacher/courses
[2026-04-25 20:56:06] OPTIONS /E-learning/backend/index.php/api/assignments/my-assignments
[2026-04-25 20:56:06] OPTIONS /E-learning/backend/index.php/api/teacher/courses
[2026-04-25 20:56:06] GET /E-learning/backend/index.php/api/assignments/my-assignments
[2026-04-25 20:56:06] GET /E-learning/backend/index.php/api/teacher/courses
[2026-04-25 20:56:06] GET /E-learning/backend/index.php/api/assignments/my-assignments
[2026-04-25 20:56:06] GET /E-learning/backend/index.php/api/teacher/courses
[2026-04-25 20:56:22] OPTIONS /E-learning/backend/index.php/api/teacher/courses
[2026-04-25 20:56:22] OPTIONS /E-learning/backend/index.php/api/teacher/courses
[2026-04-25 20:56:22] GET /E-learning/backend/index.php/api/teacher/courses
[2026-04-25 20:56:22] GET /E-learning/backend/index.php/api/teacher/courses
[2026-04-25 20:56:26] GET /E-learning/backend/index.php/api/teacher/courses
[2026-04-25 20:56:26] GET /E-learning/backend/index.php/api/teacher/courses
[2026-04-25 20:56:34] OPTIONS /E-learning/backend/index.php/api/student/course-content?course_id=1
[2026-04-25 20:56:34] OPTIONS /E-learning/backend/index.php/api/student/course-content?course_id=1
[2026-04-25 20:56:34] GET /E-learning/backend/index.php/api/student/course-content?course_id=1
[2026-04-25 20:56:34] GET /E-learning/backend/index.php/api/student/course-content?course_id=1
[2026-04-25 20:57:10] OPTIONS /E-learning/backend/index.php/api/assignments/my-assignments
[2026-04-25 20:57:10] OPTIONS /E-learning/backend/index.php/api/teacher/courses
[2026-04-25 20:57:10] OPTIONS /E-learning/backend/index.php/api/assignments/my-assignments
[2026-04-25 20:57:10] OPTIONS /E-learning/backend/index.php/api/teacher/courses
[2026-04-25 20:57:10] GET /E-learning/backend/index.php/api/assignments/my-assignments
[2026-04-25 20:57:10] GET /E-learning/backend/index.php/api/teacher/courses
[2026-04-25 20:57:10] GET /E-learning/backend/index.php/api/assignments/my-assignments
[2026-04-25 20:57:10] GET /E-learning/backend/index.php/api/teacher/courses
[2026-04-25 20:57:11] GET /E-learning/backend/index.php/api/teacher/courses
[2026-04-25 20:57:11] GET /E-learning/backend/index.php/api/teacher/courses
[2026-04-25 21:02:03] OPTIONS /E-learning/backend/index.php/api/assignments/my-assignments
[2026-04-25 21:02:03] OPTIONS /E-learning/backend/index.php/api/assignments/my-assignments
[2026-04-25 21:02:03] OPTIONS /E-learning/backend/index.php/api/teacher/courses
[2026-04-25 21:02:03] OPTIONS /E-learning/backend/index.php/api/teacher/courses
[2026-04-25 21:02:03] GET /E-learning/backend/index.php/api/assignments/my-assignments
[2026-04-25 21:02:03] GET /E-learning/backend/index.php/api/teacher/courses
[2026-04-25 21:02:03] GET /E-learning/backend/index.php/api/assignments/my-assignments
[2026-04-25 21:02:03] GET /E-learning/backend/index.php/api/teacher/courses
[2026-04-25 21:02:07] GET /E-learning/backend/index.php/api/teacher/courses
[2026-04-25 21:02:07] GET /E-learning/backend/index.php/api/teacher/courses
[2026-04-25 21:02:14] OPTIONS /E-learning/backend/index.php/api/assignments/my-assignments
[2026-04-25 21:02:14] OPTIONS /E-learning/backend/index.php/api/teacher/courses
[2026-04-25 21:02:14] OPTIONS /E-learning/backend/index.php/api/teacher/courses
[2026-04-25 21:02:14] OPTIONS /E-learning/backend/index.php/api/assignments/my-assignments
[2026-04-25 21:02:14] GET /E-learning/backend/index.php/api/assignments/my-assignments
[2026-04-25 21:02:14] GET /E-learning/backend/index.php/api/teacher/courses
[2026-04-25 21:02:14] GET /E-learning/backend/index.php/api/assignments/my-assignments
[2026-04-25 21:02:14] GET /E-learning/backend/index.php/api/teacher/courses
[2026-04-25 21:03:00] OPTIONS /E-learning/backend/index.php/api/teacher/courses
[2026-04-25 21:03:00] OPTIONS /E-learning/backend/index.php/api/teacher/courses
[2026-04-25 21:03:00] GET /E-learning/backend/index.php/api/teacher/courses
[2026-04-25 21:03:00] GET /E-learning/backend/index.php/api/teacher/courses
[2026-04-25 21:03:49] OPTIONS /E-learning/backend/index.php/api/assignments/my-assignments
[2026-04-25 21:03:49] OPTIONS /E-learning/backend/index.php/api/teacher/courses
[2026-04-25 21:03:49] OPTIONS /E-learning/backend/index.php/api/assignments/my-assignments
[2026-04-25 21:03:49] OPTIONS /E-learning/backend/index.php/api/teacher/courses
[2026-04-25 21:03:49] GET /E-learning/backend/index.php/api/assignments/my-assignments
[2026-04-25 21:03:49] GET /E-learning/backend/index.php/api/teacher/courses
[2026-04-25 21:03:49] GET /E-learning/backend/index.php/api/teacher/courses
[2026-04-25 21:03:49] GET /E-learning/backend/index.php/api/assignments/my-assignments
[2026-04-25 21:04:00] OPTIONS /E-learning/backend/index.php/api/teacher/courses
[2026-04-25 21:04:00] OPTIONS /E-learning/backend/index.php/api/teacher/courses
[2026-04-25 21:04:00] GET /E-learning/backend/index.php/api/teacher/courses
[2026-04-25 21:04:00] GET /E-learning/backend/index.php/api/teacher/courses
[2026-04-25 21:08:30] OPTIONS /E-learning/backend/index.php/api/teacher/courses
[2026-04-25 21:08:30] OPTIONS /E-learning/backend/index.php/api/teacher/courses
[2026-04-25 21:08:30] GET /E-learning/backend/index.php/api/teacher/courses
[2026-04-25 21:08:30] GET /E-learning/backend/index.php/api/teacher/courses
[2026-04-25 21:08:31] OPTIONS /E-learning/backend/index.php/api/assignments/my-assignments
[2026-04-25 21:08:31] GET /E-learning/backend/index.php/api/teacher/courses
[2026-04-25 21:08:31] OPTIONS /E-learning/backend/index.php/api/assignments/my-assignments
[2026-04-25 21:08:31] GET /E-learning/backend/index.php/api/assignments/my-assignments
[2026-04-25 21:08:31] GET /E-learning/backend/index.php/api/teacher/courses
[2026-04-25 21:08:31] GET /E-learning/backend/index.php/api/assignments/my-assignments
[2026-04-25 21:08:34] GET /E-learning/backend/index.php/api/teacher/courses
[2026-04-25 21:08:34] GET /E-learning/backend/index.php/api/teacher/courses
[2026-04-25 21:08:49] OPTIONS /E-learning/backend/index.php/api/student/course-content?course_id=1
[2026-04-25 21:08:49] OPTIONS /E-learning/backend/index.php/api/student/course-content?course_id=1
[2026-04-25 21:08:49] GET /E-learning/backend/index.php/api/student/course-content?course_id=1
[2026-04-25 21:08:49] GET /E-learning/backend/index.php/api/student/course-content?course_id=1
[2026-04-25 21:09:32] OPTIONS /E-learning/backend/index.php/api/teacher/courses
[2026-04-25 21:09:32] OPTIONS /E-learning/backend/index.php/api/teacher/courses
[2026-04-25 21:09:32] GET /E-learning/backend/index.php/api/teacher/courses
[2026-04-25 21:09:32] GET /E-learning/backend/index.php/api/teacher/courses
[2026-04-25 21:09:54] OPTIONS /E-learning/backend/index.php/api/auth/login
[2026-04-25 21:09:54] POST /E-learning/backend/index.php/api/auth/login
[2026-04-25 21:10:10] OPTIONS /E-learning/backend/index.php/api/student/schedule
[2026-04-25 21:10:10] OPTIONS /E-learning/backend/index.php/api/student/schedule
[2026-04-25 21:10:10] GET /E-learning/backend/index.php/api/student/schedule
[2026-04-25 21:10:10] GET /E-learning/backend/index.php/api/student/schedule
[2026-04-25 21:10:22] OPTIONS /E-learning/backend/index.php/api/assignments/student
[2026-04-25 21:10:22] OPTIONS /E-learning/backend/index.php/api/assignments/student
[2026-04-25 21:10:22] GET /E-learning/backend/index.php/api/assignments/student
[2026-04-25 21:10:22] GET /E-learning/backend/index.php/api/assignments/student
[2026-04-25 21:23:31] OPTIONS /E-learning/backend/index.php/api/messages/conversations
[2026-04-25 21:23:31] OPTIONS /E-learning/backend/index.php/api/messages/conversations
[2026-04-25 21:23:31] OPTIONS /E-learning/backend/index.php/api/messages/contacts
[2026-04-25 21:23:31] OPTIONS /E-learning/backend/index.php/api/messages/contacts
[2026-04-25 21:23:31] GET /E-learning/backend/index.php/api/messages/conversations
[2026-04-25 21:23:31] GET /E-learning/backend/index.php/api/messages/contacts
[2026-04-25 21:23:31] GET /E-learning/backend/index.php/api/messages/conversations
[2026-04-25 21:23:31] GET /E-learning/backend/index.php/api/messages/contacts
[2026-04-25 21:24:12] OPTIONS /E-learning/backend/index.php/api/student/grades
[2026-04-25 21:24:12] OPTIONS /E-learning/backend/index.php/api/student/grades
[2026-04-25 21:24:12] GET /E-learning/backend/index.php/api/student/grades
[2026-04-25 21:24:12] GET /E-learning/backend/index.php/api/student/grades
[2026-04-25 21:24:16] OPTIONS /E-learning/backend/index.php/api/assignments/student
[2026-04-25 21:24:16] OPTIONS /E-learning/backend/index.php/api/assignments/student
[2026-04-25 21:24:16] GET /E-learning/backend/index.php/api/assignments/student
[2026-04-25 21:24:16] GET /E-learning/backend/index.php/api/assignments/student
[2026-04-25 21:24:18] OPTIONS /E-learning/backend/index.php/api/student/schedule
[2026-04-25 21:24:18] OPTIONS /E-learning/backend/index.php/api/student/schedule
[2026-04-25 21:24:18] GET /E-learning/backend/index.php/api/student/schedule
[2026-04-25 21:24:18] GET /E-learning/backend/index.php/api/student/schedule
[2026-04-25 21:24:21] OPTIONS /E-learning/backend/index.php/api/messages/conversations
[2026-04-25 21:24:21] OPTIONS /E-learning/backend/index.php/api/messages/conversations
[2026-04-25 21:24:21] OPTIONS /E-learning/backend/index.php/api/messages/contacts
[2026-04-25 21:24:21] OPTIONS /E-learning/backend/index.php/api/messages/contacts
[2026-04-25 21:24:21] GET /E-learning/backend/index.php/api/messages/conversations
[2026-04-25 21:24:21] GET /E-learning/backend/index.php/api/messages/contacts
[2026-04-25 21:24:21] GET /E-learning/backend/index.php/api/messages/conversations
[2026-04-25 21:24:21] GET /E-learning/backend/index.php/api/messages/contacts
[2026-04-25 21:24:30] OPTIONS /E-learning/backend/index.php/api/student/grades
[2026-04-25 21:24:30] OPTIONS /E-learning/backend/index.php/api/student/grades
[2026-04-25 21:24:30] GET /E-learning/backend/index.php/api/student/grades
[2026-04-25 21:24:31] GET /E-learning/backend/index.php/api/student/grades
[2026-04-25 21:24:36] OPTIONS /E-learning/backend/index.php/api/assignments/student
[2026-04-25 21:24:36] OPTIONS /E-learning/backend/index.php/api/assignments/student
[2026-04-25 21:24:36] GET /E-learning/backend/index.php/api/assignments/student
[2026-04-25 21:24:36] GET /E-learning/backend/index.php/api/assignments/student
[2026-04-25 21:24:39] OPTIONS /E-learning/backend/index.php/api/student/schedule
[2026-04-25 21:24:39] OPTIONS /E-learning/backend/index.php/api/student/schedule
[2026-04-25 21:24:39] GET /E-learning/backend/index.php/api/student/schedule
[2026-04-25 21:24:39] GET /E-learning/backend/index.php/api/student/schedule
[2026-04-25 21:28:23] OPTIONS /E-learning/backend/index.php/api/assignments/student
[2026-04-25 21:28:23] OPTIONS /E-learning/backend/index.php/api/assignments/student
[2026-04-25 21:28:23] GET /E-learning/backend/index.php/api/assignments/student
[2026-04-25 21:28:23] GET /E-learning/backend/index.php/api/assignments/student
[2026-04-25 21:31:38] OPTIONS /E-learning/backend/index.php/api/auth/login
[2026-04-25 21:31:38] POST /E-learning/backend/index.php/api/auth/login
[2026-04-25 21:31:41] POST /E-learning/backend/index.php/api/auth/login
[2026-04-25 21:39:51] OPTIONS /E-learning/backend/index.php/api/assignments/student
[2026-04-25 21:39:51] OPTIONS /E-learning/backend/index.php/api/assignments/student
[2026-04-25 21:39:51] GET /E-learning/backend/index.php/api/assignments/student
[2026-04-25 21:39:51] GET /E-learning/backend/index.php/api/assignments/student
[2026-04-25 22:00:28] OPTIONS /E-learning/backend/index.php/api/student/schedule
[2026-04-25 22:00:28] OPTIONS /E-learning/backend/index.php/api/assignments/student
[2026-04-25 22:00:28] OPTIONS /E-learning/backend/index.php/api/student/schedule
[2026-04-25 22:00:28] OPTIONS /E-learning/backend/index.php/api/assignments/student
[2026-04-25 22:00:28] GET /E-learning/backend/index.php/api/student/schedule
[2026-04-25 22:00:28] GET /E-learning/backend/index.php/api/assignments/student
[2026-04-25 22:00:28] GET /E-learning/backend/index.php/api/student/schedule
[2026-04-25 22:00:28] GET /E-learning/backend/index.php/api/assignments/student
[2026-04-25 22:00:51] OPTIONS /E-learning/backend/index.php/api/student/schedule
[2026-04-25 22:00:51] OPTIONS /E-learning/backend/index.php/api/assignments/student
[2026-04-25 22:00:51] OPTIONS /E-learning/backend/index.php/api/student/schedule
[2026-04-25 22:00:51] OPTIONS /E-learning/backend/index.php/api/assignments/student
[2026-04-25 22:00:51] GET /E-learning/backend/index.php/api/assignments/student
[2026-04-25 22:00:51] GET /E-learning/backend/index.php/api/student/schedule
[2026-04-25 22:00:52] GET /E-learning/backend/index.php/api/student/schedule
[2026-04-25 22:00:52] GET /E-learning/backend/index.php/api/assignments/student
[2026-04-25 22:02:09] OPTIONS /E-learning/backend/index.php/api/student/schedule
[2026-04-25 22:02:09] OPTIONS /E-learning/backend/index.php/api/assignments/student
[2026-04-25 22:02:09] OPTIONS /E-learning/backend/index.php/api/student/schedule
[2026-04-25 22:02:09] GET /E-learning/backend/index.php/api/assignments/student
[2026-04-25 22:02:09] OPTIONS /E-learning/backend/index.php/api/assignments/student
[2026-04-25 22:02:09] GET /E-learning/backend/index.php/api/student/schedule
[2026-04-25 22:02:10] GET /E-learning/backend/index.php/api/student/schedule
[2026-04-25 22:02:10] GET /E-learning/backend/index.php/api/assignments/student
[2026-04-25 22:02:22] OPTIONS /E-learning/backend/index.php/api/student/schedule
[2026-04-25 22:02:22] OPTIONS /E-learning/backend/index.php/api/student/schedule
[2026-04-25 22:02:22] GET /E-learning/backend/index.php/api/student/schedule
[2026-04-25 22:02:22] GET /E-learning/backend/index.php/api/student/schedule
[2026-04-25 22:02:26] OPTIONS /E-learning/backend/index.php/api/assignments/student
[2026-04-25 22:02:26] OPTIONS /E-learning/backend/index.php/api/assignments/student
[2026-04-25 22:02:26] GET /E-learning/backend/index.php/api/assignments/student
[2026-04-25 22:02:26] GET /E-learning/backend/index.php/api/assignments/student
[2026-04-25 22:02:29] OPTIONS /E-learning/backend/index.php/api/student/grades
[2026-04-25 22:02:29] OPTIONS /E-learning/backend/index.php/api/student/grades
[2026-04-25 22:02:29] GET /E-learning/backend/index.php/api/student/grades
[2026-04-25 22:02:29] GET /E-learning/backend/index.php/api/student/grades
[2026-04-25 22:02:32] OPTIONS /E-learning/backend/index.php/api/messages/conversations
[2026-04-25 22:02:32] OPTIONS /E-learning/backend/index.php/api/messages/contacts
[2026-04-25 22:02:32] GET /E-learning/backend/index.php/api/messages/conversations
[2026-04-25 22:02:32] OPTIONS /E-learning/backend/index.php/api/messages/conversations
[2026-04-25 22:02:32] OPTIONS /E-learning/backend/index.php/api/messages/contacts
[2026-04-25 22:02:32] GET /E-learning/backend/index.php/api/messages/contacts
[2026-04-25 22:02:32] GET /E-learning/backend/index.php/api/messages/conversations
[2026-04-25 22:02:32] GET /E-learning/backend/index.php/api/messages/contacts
[2026-04-25 22:02:47] OPTIONS /E-learning/backend/index.php/api/auth/login
[2026-04-25 22:02:47] POST /E-learning/backend/index.php/api/auth/login
[2026-04-25 22:02:48] OPTIONS /E-learning/backend/index.php/api/teacher/courses
[2026-04-25 22:02:48] OPTIONS /E-learning/backend/index.php/api/assignments/recent-submissions
[2026-04-25 22:02:48] OPTIONS /E-learning/backend/index.php/api/assignments/recent-submissions
[2026-04-25 22:02:48] GET /E-learning/backend/index.php/api/teacher/courses
[2026-04-25 22:02:48] OPTIONS /E-learning/backend/index.php/api/teacher/courses
[2026-04-25 22:02:48] GET /E-learning/backend/index.php/api/assignments/recent-submissions
[2026-04-25 22:02:48] GET /E-learning/backend/index.php/api/teacher/courses
[2026-04-25 22:02:48] GET /E-learning/backend/index.php/api/assignments/recent-submissions
[2026-04-25 22:02:55] OPTIONS /E-learning/backend/index.php/api/assignments/recent-submissions
[2026-04-25 22:02:55] OPTIONS /E-learning/backend/index.php/api/teacher/courses
[2026-04-25 22:02:55] OPTIONS /E-learning/backend/index.php/api/teacher/courses
[2026-04-25 22:02:55] GET /E-learning/backend/index.php/api/assignments/recent-submissions
[2026-04-25 22:02:55] OPTIONS /E-learning/backend/index.php/api/assignments/recent-submissions
[2026-04-25 22:02:55] GET /E-learning/backend/index.php/api/teacher/courses
[2026-04-25 22:02:55] GET /E-learning/backend/index.php/api/assignments/recent-submissions
[2026-04-25 22:02:55] GET /E-learning/backend/index.php/api/teacher/courses
[2026-04-25 22:03:01] OPTIONS /E-learning/backend/index.php/api/assignments/my-assignments
[2026-04-25 22:03:01] OPTIONS /E-learning/backend/index.php/api/teacher/courses
[2026-04-25 22:03:01] OPTIONS /E-learning/backend/index.php/api/assignments/my-assignments
[2026-04-25 22:03:01] OPTIONS /E-learning/backend/index.php/api/teacher/courses
[2026-04-25 22:03:01] GET /E-learning/backend/index.php/api/assignments/my-assignments
[2026-04-25 22:03:01] GET /E-learning/backend/index.php/api/teacher/courses
[2026-04-25 22:03:01] GET /E-learning/backend/index.php/api/assignments/my-assignments
[2026-04-25 22:03:01] GET /E-learning/backend/index.php/api/teacher/courses
[2026-04-25 22:03:28] OPTIONS /E-learning/backend/index.php/api/teacher/courses
[2026-04-25 22:03:28] OPTIONS /E-learning/backend/index.php/api/assignments/recent-submissions
[2026-04-25 22:03:28] OPTIONS /E-learning/backend/index.php/api/assignments/recent-submissions
[2026-04-25 22:03:28] OPTIONS /E-learning/backend/index.php/api/teacher/courses
[2026-04-25 22:03:28] GET /E-learning/backend/index.php/api/teacher/courses
[2026-04-25 22:03:28] GET /E-learning/backend/index.php/api/assignments/recent-submissions
[2026-04-25 22:03:28] GET /E-learning/backend/index.php/api/teacher/courses
[2026-04-25 22:03:28] GET /E-learning/backend/index.php/api/assignments/recent-submissions
[2026-04-27 08:31:47] OPTIONS /E-learning/backend/index.php/api/admin/overview
[2026-04-27 08:31:47] OPTIONS /E-learning/backend/index.php/api/admin/overview
[2026-04-27 08:31:47] GET /E-learning/backend/index.php/api/admin/overview
[2026-04-27 08:31:47] GET /E-learning/backend/index.php/api/admin/overview
[2026-04-27 08:31:52] GET /E-learning/backend/index.php/api/admin/overview
[2026-04-27 08:31:52] GET /E-learning/backend/index.php/api/admin/overview
[2026-04-27 08:32:00] OPTIONS /E-learning/backend/index.php/api/auth/login
[2026-04-27 08:32:00] POST /E-learning/backend/index.php/api/auth/login
[2026-04-27 08:32:11] OPTIONS /E-learning/backend/index.php/api/auth/login
[2026-04-27 08:32:11] POST /E-learning/backend/index.php/api/auth/login
[2026-04-27 08:32:12] OPTIONS /E-learning/backend/index.php/api/admin/overview
[2026-04-27 08:32:12] OPTIONS /E-learning/backend/index.php/api/admin/overview
[2026-04-27 08:32:12] GET /E-learning/backend/index.php/api/admin/overview
[2026-04-27 08:32:12] GET /E-learning/backend/index.php/api/admin/overview
[2026-04-27 08:32:23] OPTIONS /E-learning/backend/index.php/api/admin/users
[2026-04-27 08:32:23] OPTIONS /E-learning/backend/index.php/api/admin/users
[2026-04-27 08:32:23] GET /E-learning/backend/index.php/api/admin/users
[2026-04-27 08:32:23] GET /E-learning/backend/index.php/api/admin/users
[2026-04-27 08:32:27] OPTIONS /E-learning/backend/index.php/api/classes
[2026-04-27 08:32:27] OPTIONS /E-learning/backend/index.php/api/subjects
[2026-04-27 08:32:27] GET /E-learning/backend/index.php/api/classes
[2026-04-27 08:32:27] OPTIONS /E-learning/backend/index.php/api/admin/users?role=teacher
[2026-04-27 08:32:27] OPTIONS /E-learning/backend/index.php/api/subjects
[2026-04-27 08:32:27] OPTIONS /E-learning/backend/index.php/api/admin/assignments
[2026-04-27 08:32:27] OPTIONS /E-learning/backend/index.php/api/admin/assignments
[2026-04-27 08:32:27] OPTIONS /E-learning/backend/index.php/api/admin/users?role=teacher
[2026-04-27 08:32:27] GET /E-learning/backend/index.php/api/subjects
[2026-04-27 08:32:27] GET /E-learning/backend/index.php/api/admin/assignments
[2026-04-27 08:32:27] GET /E-learning/backend/index.php/api/admin/users?role=teacher
[2026-04-27 08:32:27] GET /E-learning/backend/index.php/api/classes
[2026-04-27 08:32:27] GET /E-learning/backend/index.php/api/subjects
[2026-04-27 08:32:27] GET /E-learning/backend/index.php/api/admin/users?role=teacher
[2026-04-27 08:32:27] GET /E-learning/backend/index.php/api/admin/assignments
[2026-04-27 08:32:31] OPTIONS /E-learning/backend/index.php/api/admin/years
[2026-04-27 08:32:31] OPTIONS /E-learning/backend/index.php/api/admin/years
[2026-04-27 08:32:31] GET /E-learning/backend/index.php/api/admin/years
[2026-04-27 08:32:31] GET /E-learning/backend/index.php/api/admin/years
[2026-04-27 08:32:34] OPTIONS /E-learning/backend/index.php/api/admin/users
[2026-04-27 08:32:34] OPTIONS /E-learning/backend/index.php/api/admin/users
[2026-04-27 08:32:34] GET /E-learning/backend/index.php/api/admin/users
[2026-04-27 08:32:34] GET /E-learning/backend/index.php/api/admin/users
[2026-04-27 08:33:33] OPTIONS /E-learning/backend/index.php/api/admin/users
[2026-04-27 08:33:33] POST /E-learning/backend/index.php/api/admin/users
[2026-04-27 08:33:33] GET /E-learning/backend/index.php/api/admin/users
[2026-04-27 08:33:44] OPTIONS /E-learning/backend/index.php/api/classes
[2026-04-27 08:33:44] OPTIONS /E-learning/backend/index.php/api/admin/assignments
[2026-04-27 08:33:44] OPTIONS /E-learning/backend/index.php/api/subjects
[2026-04-27 08:33:44] OPTIONS /E-learning/backend/index.php/api/admin/users?role=teacher
[2026-04-27 08:33:44] OPTIONS /E-learning/backend/index.php/api/classes
[2026-04-27 08:33:44] OPTIONS /E-learning/backend/index.php/api/subjects
[2026-04-27 08:33:45] GET /E-learning/backend/index.php/api/classes
[2026-04-27 08:33:45] OPTIONS /E-learning/backend/index.php/api/admin/users?role=teacher
[2026-04-27 08:33:45] GET /E-learning/backend/index.php/api/admin/assignments
[2026-04-27 08:33:45] OPTIONS /E-learning/backend/index.php/api/admin/assignments
[2026-04-27 08:33:45] GET /E-learning/backend/index.php/api/subjects
[2026-04-27 08:33:45] GET /E-learning/backend/index.php/api/admin/users?role=teacher
[2026-04-27 08:33:45] GET /E-learning/backend/index.php/api/classes
[2026-04-27 08:33:45] GET /E-learning/backend/index.php/api/admin/assignments
[2026-04-27 08:33:45] GET /E-learning/backend/index.php/api/subjects
[2026-04-27 08:33:45] GET /E-learning/backend/index.php/api/admin/users?role=teacher
[2026-04-27 08:34:10] OPTIONS /E-learning/backend/index.php/api/classes
[2026-04-27 08:34:10] POST /E-learning/backend/index.php/api/classes
[2026-04-27 08:34:10] GET /E-learning/backend/index.php/api/classes
[2026-04-27 08:34:10] OPTIONS /E-learning/backend/index.php/api/subjects
[2026-04-27 08:34:10] OPTIONS /E-learning/backend/index.php/api/admin/users?role=teacher
[2026-04-27 08:34:10] OPTIONS /E-learning/backend/index.php/api/admin/assignments
[2026-04-27 08:34:10] GET /E-learning/backend/index.php/api/subjects
[2026-04-27 08:34:10] GET /E-learning/backend/index.php/api/admin/assignments
[2026-04-27 08:34:10] GET /E-learning/backend/index.php/api/admin/users?role=teacher
[2026-04-27 08:34:23] OPTIONS /E-learning/backend/index.php/api/classes
[2026-04-27 08:34:23] POST /E-learning/backend/index.php/api/classes
[2026-04-27 08:34:23] GET /E-learning/backend/index.php/api/classes
[2026-04-27 08:34:23] OPTIONS /E-learning/backend/index.php/api/admin/users?role=teacher
[2026-04-27 08:34:23] OPTIONS /E-learning/backend/index.php/api/admin/assignments
[2026-04-27 08:34:23] OPTIONS /E-learning/backend/index.php/api/subjects
[2026-04-27 08:34:23] GET /E-learning/backend/index.php/api/subjects
[2026-04-27 08:34:23] GET /E-learning/backend/index.php/api/admin/users?role=teacher
[2026-04-27 08:34:23] GET /E-learning/backend/index.php/api/admin/assignments
[2026-04-27 08:34:30] OPTIONS /E-learning/backend/index.php/api/classes
[2026-04-27 08:34:30] POST /E-learning/backend/index.php/api/classes
[2026-04-27 08:34:30] GET /E-learning/backend/index.php/api/classes
[2026-04-27 08:34:30] OPTIONS /E-learning/backend/index.php/api/subjects
[2026-04-27 08:34:30] OPTIONS /E-learning/backend/index.php/api/admin/users?role=teacher
[2026-04-27 08:34:30] OPTIONS /E-learning/backend/index.php/api/admin/assignments
[2026-04-27 08:34:30] GET /E-learning/backend/index.php/api/subjects
[2026-04-27 08:34:30] GET /E-learning/backend/index.php/api/admin/users?role=teacher
[2026-04-27 08:34:30] GET /E-learning/backend/index.php/api/admin/assignments
[2026-04-27 08:34:51] OPTIONS /E-learning/backend/index.php/api/admin/users
[2026-04-27 08:34:51] OPTIONS /E-learning/backend/index.php/api/admin/users
[2026-04-27 08:34:51] GET /E-learning/backend/index.php/api/admin/users
[2026-04-27 08:34:51] GET /E-learning/backend/index.php/api/admin/users
[2026-04-27 08:35:25] OPTIONS /E-learning/backend/index.php/api/admin/users
[2026-04-27 08:35:25] POST /E-learning/backend/index.php/api/admin/users
[2026-04-27 08:35:25] GET /E-learning/backend/index.php/api/admin/users
[2026-04-27 08:35:29] OPTIONS /E-learning/backend/index.php/api/classes
[2026-04-27 08:35:29] OPTIONS /E-learning/backend/index.php/api/subjects
[2026-04-27 08:35:29] OPTIONS /E-learning/backend/index.php/api/admin/users?role=teacher
[2026-04-27 08:35:29] OPTIONS /E-learning/backend/index.php/api/admin/assignments
[2026-04-27 08:35:29] OPTIONS /E-learning/backend/index.php/api/classes
[2026-04-27 08:35:29] OPTIONS /E-learning/backend/index.php/api/subjects
[2026-04-27 08:35:29] OPTIONS /E-learning/backend/index.php/api/admin/users?role=teacher
[2026-04-27 08:35:29] OPTIONS /E-learning/backend/index.php/api/admin/assignments
[2026-04-27 08:35:29] GET /E-learning/backend/index.php/api/admin/users?role=teacher
[2026-04-27 08:35:29] GET /E-learning/backend/index.php/api/classes
[2026-04-27 08:35:29] GET /E-learning/backend/index.php/api/subjects
[2026-04-27 08:35:29] GET /E-learning/backend/index.php/api/admin/assignments
[2026-04-27 08:35:29] GET /E-learning/backend/index.php/api/classes
[2026-04-27 08:35:30] GET /E-learning/backend/index.php/api/admin/users?role=teacher
[2026-04-27 08:35:30] GET /E-learning/backend/index.php/api/subjects
[2026-04-27 08:35:30] GET /E-learning/backend/index.php/api/admin/assignments
[2026-04-27 08:35:49] OPTIONS /E-learning/backend/index.php/api/classes
[2026-04-27 08:35:49] OPTIONS /E-learning/backend/index.php/api/subjects
[2026-04-27 08:35:49] OPTIONS /E-learning/backend/index.php/api/admin/users?role=teacher
[2026-04-27 08:35:49] OPTIONS /E-learning/backend/index.php/api/admin/assignments
[2026-04-27 08:35:49] GET /E-learning/backend/index.php/api/classes
[2026-04-27 08:35:49] OPTIONS /E-learning/backend/index.php/api/subjects
[2026-04-27 08:35:49] OPTIONS /E-learning/backend/index.php/api/admin/users?role=teacher
[2026-04-27 08:35:49] OPTIONS /E-learning/backend/index.php/api/admin/assignments
[2026-04-27 08:35:49] GET /E-learning/backend/index.php/api/admin/users?role=teacher
[2026-04-27 08:35:49] GET /E-learning/backend/index.php/api/subjects
[2026-04-27 08:35:49] GET /E-learning/backend/index.php/api/admin/assignments
[2026-04-27 08:35:49] GET /E-learning/backend/index.php/api/classes
[2026-04-27 08:35:49] GET /E-learning/backend/index.php/api/subjects
[2026-04-27 08:35:49] GET /E-learning/backend/index.php/api/admin/users?role=teacher
[2026-04-27 08:35:49] GET /E-learning/backend/index.php/api/admin/assignments
[2026-04-27 08:35:54] OPTIONS /E-learning/backend/index.php/api/admin/users
[2026-04-27 08:35:54] OPTIONS /E-learning/backend/index.php/api/admin/users
[2026-04-27 08:35:54] GET /E-learning/backend/index.php/api/admin/users
[2026-04-27 08:35:54] GET /E-learning/backend/index.php/api/admin/users
[2026-04-27 08:36:11] OPTIONS /E-learning/backend/index.php/api/classes
[2026-04-27 08:36:11] OPTIONS /E-learning/backend/index.php/api/subjects
[2026-04-27 08:36:11] OPTIONS /E-learning/backend/index.php/api/admin/users?role=teacher
[2026-04-27 08:36:11] OPTIONS /E-learning/backend/index.php/api/admin/assignments
[2026-04-27 08:36:11] OPTIONS /E-learning/backend/index.php/api/classes
[2026-04-27 08:36:11] OPTIONS /E-learning/backend/index.php/api/subjects
[2026-04-27 08:36:11] GET /E-learning/backend/index.php/api/classes
[2026-04-27 08:36:11] OPTIONS /E-learning/backend/index.php/api/admin/users?role=teacher
[2026-04-27 08:36:11] GET /E-learning/backend/index.php/api/subjects
[2026-04-27 08:36:11] OPTIONS /E-learning/backend/index.php/api/admin/assignments
[2026-04-27 08:36:11] GET /E-learning/backend/index.php/api/admin/users?role=teacher
[2026-04-27 08:36:11] GET /E-learning/backend/index.php/api/admin/assignments
[2026-04-27 08:36:11] GET /E-learning/backend/index.php/api/classes
[2026-04-27 08:36:11] GET /E-learning/backend/index.php/api/admin/users?role=teacher
[2026-04-27 08:36:11] GET /E-learning/backend/index.php/api/admin/assignments
[2026-04-27 08:36:11] GET /E-learning/backend/index.php/api/subjects
[2026-04-27 08:36:38] OPTIONS /E-learning/backend/index.php/api/subjects
[2026-04-27 08:36:38] POST /E-learning/backend/index.php/api/subjects
[2026-04-27 08:36:38] OPTIONS /E-learning/backend/index.php/api/classes
[2026-04-27 08:36:38] GET /E-learning/backend/index.php/api/classes
[2026-04-27 08:36:38] OPTIONS /E-learning/backend/index.php/api/admin/users?role=teacher
[2026-04-27 08:36:38] GET /E-learning/backend/index.php/api/subjects
[2026-04-27 08:36:38] OPTIONS /E-learning/backend/index.php/api/admin/assignments
[2026-04-27 08:36:38] GET /E-learning/backend/index.php/api/admin/users?role=teacher
[2026-04-27 08:36:38] GET /E-learning/backend/index.php/api/admin/assignments
[2026-04-27 08:36:57] OPTIONS /E-learning/backend/index.php/api/admin/assign
[2026-04-27 08:36:57] POST /E-learning/backend/index.php/api/admin/assign
[2026-04-27 08:36:57] OPTIONS /E-learning/backend/index.php/api/classes
[2026-04-27 08:36:57] OPTIONS /E-learning/backend/index.php/api/subjects
[2026-04-27 08:36:57] OPTIONS /E-learning/backend/index.php/api/admin/assignments
[2026-04-27 08:36:57] OPTIONS /E-learning/backend/index.php/api/admin/users?role=teacher
[2026-04-27 08:36:57] GET /E-learning/backend/index.php/api/classes
[2026-04-27 08:36:57] GET /E-learning/backend/index.php/api/admin/assignments
[2026-04-27 08:36:57] GET /E-learning/backend/index.php/api/subjects
[2026-04-27 08:36:57] GET /E-learning/backend/index.php/api/admin/users?role=teacher
[2026-04-27 08:37:10] OPTIONS /E-learning/backend/index.php/api/admin/users
[2026-04-27 08:37:10] OPTIONS /E-learning/backend/index.php/api/admin/users
[2026-04-27 08:37:10] GET /E-learning/backend/index.php/api/admin/users
[2026-04-27 08:37:10] GET /E-learning/backend/index.php/api/admin/users
[2026-04-27 08:37:44] OPTIONS /E-learning/backend/index.php/api/admin/users
[2026-04-27 08:37:44] POST /E-learning/backend/index.php/api/admin/users
[2026-04-27 08:37:45] GET /E-learning/backend/index.php/api/admin/users
[2026-04-27 08:37:52] OPTIONS /E-learning/backend/index.php/api/classes
[2026-04-27 08:37:52] OPTIONS /E-learning/backend/index.php/api/subjects
[2026-04-27 08:37:52] OPTIONS /E-learning/backend/index.php/api/admin/users?role=teacher
[2026-04-27 08:37:52] OPTIONS /E-learning/backend/index.php/api/admin/assignments
[2026-04-27 08:37:52] OPTIONS /E-learning/backend/index.php/api/classes
[2026-04-27 08:37:52] OPTIONS /E-learning/backend/index.php/api/subjects
[2026-04-27 08:37:52] OPTIONS /E-learning/backend/index.php/api/admin/users?role=teacher
[2026-04-27 08:37:52] OPTIONS /E-learning/backend/index.php/api/admin/assignments
[2026-04-27 08:37:52] GET /E-learning/backend/index.php/api/admin/users?role=teacher
[2026-04-27 08:37:52] GET /E-learning/backend/index.php/api/classes
[2026-04-27 08:37:52] GET /E-learning/backend/index.php/api/subjects
[2026-04-27 08:37:52] GET /E-learning/backend/index.php/api/admin/assignments
[2026-04-27 08:37:52] GET /E-learning/backend/index.php/api/classes
[2026-04-27 08:37:52] GET /E-learning/backend/index.php/api/subjects
[2026-04-27 08:37:52] GET /E-learning/backend/index.php/api/admin/users?role=teacher
[2026-04-27 08:37:52] GET /E-learning/backend/index.php/api/admin/assignments
[2026-04-27 08:38:08] OPTIONS /E-learning/backend/index.php/api/subjects
[2026-04-27 08:38:08] POST /E-learning/backend/index.php/api/subjects
[2026-04-27 08:38:08] OPTIONS /E-learning/backend/index.php/api/classes
[2026-04-27 08:38:08] GET /E-learning/backend/index.php/api/subjects
[2026-04-27 08:38:08] OPTIONS /E-learning/backend/index.php/api/admin/users?role=teacher
[2026-04-27 08:38:08] GET /E-learning/backend/index.php/api/classes
[2026-04-27 08:38:08] OPTIONS /E-learning/backend/index.php/api/admin/assignments
[2026-04-27 08:38:08] GET /E-learning/backend/index.php/api/admin/users?role=teacher
[2026-04-27 08:38:08] GET /E-learning/backend/index.php/api/admin/assignments
[2026-04-27 08:38:44] OPTIONS /E-learning/backend/index.php/api/admin/assign
[2026-04-27 08:38:44] POST /E-learning/backend/index.php/api/admin/assign
[2026-04-27 08:38:44] OPTIONS /E-learning/backend/index.php/api/classes
[2026-04-27 08:38:44] OPTIONS /E-learning/backend/index.php/api/subjects
[2026-04-27 08:38:44] GET /E-learning/backend/index.php/api/classes
[2026-04-27 08:38:44] OPTIONS /E-learning/backend/index.php/api/admin/users?role=teacher
[2026-04-27 08:38:44] OPTIONS /E-learning/backend/index.php/api/admin/assignments
[2026-04-27 08:38:44] GET /E-learning/backend/index.php/api/subjects
[2026-04-27 08:38:44] GET /E-learning/backend/index.php/api/admin/assignments
[2026-04-27 08:38:44] GET /E-learning/backend/index.php/api/admin/users?role=teacher
[2026-04-27 08:39:07] OPTIONS /E-learning/backend/index.php/api/admin/assign
[2026-04-27 08:39:07] POST /E-learning/backend/index.php/api/admin/assign
[2026-04-27 08:39:08] OPTIONS /E-learning/backend/index.php/api/classes
[2026-04-27 08:39:08] OPTIONS /E-learning/backend/index.php/api/subjects
[2026-04-27 08:39:08] OPTIONS /E-learning/backend/index.php/api/admin/users?role=teacher
[2026-04-27 08:39:08] GET /E-learning/backend/index.php/api/classes
[2026-04-27 08:39:08] OPTIONS /E-learning/backend/index.php/api/admin/assignments
[2026-04-27 08:39:08] GET /E-learning/backend/index.php/api/subjects
[2026-04-27 08:39:08] GET /E-learning/backend/index.php/api/admin/users?role=teacher
[2026-04-27 08:39:08] GET /E-learning/backend/index.php/api/admin/assignments
[2026-04-27 08:39:39] OPTIONS /E-learning/backend/index.php/api/admin/assign
[2026-04-27 08:39:39] POST /E-learning/backend/index.php/api/admin/assign
[2026-04-27 08:39:40] OPTIONS /E-learning/backend/index.php/api/classes
[2026-04-27 08:39:40] OPTIONS /E-learning/backend/index.php/api/subjects
[2026-04-27 08:39:40] GET /E-learning/backend/index.php/api/classes
[2026-04-27 08:39:40] GET /E-learning/backend/index.php/api/subjects
[2026-04-27 08:39:40] OPTIONS /E-learning/backend/index.php/api/admin/users?role=teacher
[2026-04-27 08:39:40] OPTIONS /E-learning/backend/index.php/api/admin/assignments
[2026-04-27 08:39:40] GET /E-learning/backend/index.php/api/admin/assignments
[2026-04-27 08:39:40] GET /E-learning/backend/index.php/api/admin/users?role=teacher
[2026-04-27 08:39:52] OPTIONS /E-learning/backend/index.php/api/admin/assign
[2026-04-27 08:39:52] POST /E-learning/backend/index.php/api/admin/assign
[2026-04-27 08:39:52] OPTIONS /E-learning/backend/index.php/api/classes
[2026-04-27 08:39:52] OPTIONS /E-learning/backend/index.php/api/subjects
[2026-04-27 08:39:52] OPTIONS /E-learning/backend/index.php/api/admin/users?role=teacher
[2026-04-27 08:39:52] GET /E-learning/backend/index.php/api/classes
[2026-04-27 08:39:52] OPTIONS /E-learning/backend/index.php/api/admin/assignments
[2026-04-27 08:39:52] GET /E-learning/backend/index.php/api/subjects
[2026-04-27 08:39:52] GET /E-learning/backend/index.php/api/admin/users?role=teacher
[2026-04-27 08:39:52] GET /E-learning/backend/index.php/api/admin/assignments
[2026-04-27 08:40:26] OPTIONS /E-learning/backend/index.php/api/admin/assign
[2026-04-27 08:40:26] POST /E-learning/backend/index.php/api/admin/assign
[2026-04-27 08:40:38] OPTIONS /E-learning/backend/index.php/api/admin/assign
[2026-04-27 08:40:38] POST /E-learning/backend/index.php/api/admin/assign
[2026-04-27 08:40:39] OPTIONS /E-learning/backend/index.php/api/classes
[2026-04-27 08:40:39] OPTIONS /E-learning/backend/index.php/api/subjects
[2026-04-27 08:40:39] OPTIONS /E-learning/backend/index.php/api/admin/users?role=teacher
[2026-04-27 08:40:39] GET /E-learning/backend/index.php/api/classes
[2026-04-27 08:40:39] GET /E-learning/backend/index.php/api/subjects
[2026-04-27 08:40:39] OPTIONS /E-learning/backend/index.php/api/admin/assignments
[2026-04-27 08:40:39] GET /E-learning/backend/index.php/api/admin/users?role=teacher
[2026-04-27 08:40:39] GET /E-learning/backend/index.php/api/admin/assignments
[2026-04-27 08:41:06] OPTIONS /E-learning/backend/index.php/api/admin/assign
[2026-04-27 08:41:06] POST /E-learning/backend/index.php/api/admin/assign
[2026-04-27 08:41:06] OPTIONS /E-learning/backend/index.php/api/classes
[2026-04-27 08:41:06] OPTIONS /E-learning/backend/index.php/api/subjects
[2026-04-27 08:41:06] GET /E-learning/backend/index.php/api/classes
[2026-04-27 08:41:06] OPTIONS /E-learning/backend/index.php/api/admin/users?role=teacher
[2026-04-27 08:41:06] OPTIONS /E-learning/backend/index.php/api/admin/assignments
[2026-04-27 08:41:06] GET /E-learning/backend/index.php/api/subjects
[2026-04-27 08:41:06] GET /E-learning/backend/index.php/api/admin/users?role=teacher
[2026-04-27 08:41:06] GET /E-learning/backend/index.php/api/admin/assignments
[2026-04-27 08:41:39] OPTIONS /E-learning/backend/index.php/api/admin/overview
[2026-04-27 08:41:39] OPTIONS /E-learning/backend/index.php/api/admin/overview
[2026-04-27 08:41:39] GET /E-learning/backend/index.php/api/admin/overview
[2026-04-27 08:41:39] GET /E-learning/backend/index.php/api/admin/overview
[2026-04-27 08:41:52] OPTIONS /E-learning/backend/index.php/api/auth/login
[2026-04-27 08:41:52] POST /E-learning/backend/index.php/api/auth/login
[2026-04-27 08:41:53] OPTIONS /E-learning/backend/index.php/api/teacher/courses
[2026-04-27 08:41:53] OPTIONS /E-learning/backend/index.php/api/teacher/courses
[2026-04-27 08:41:53] OPTIONS /E-learning/backend/index.php/api/assignments/recent-submissions
[2026-04-27 08:41:53] GET /E-learning/backend/index.php/api/teacher/courses
[2026-04-27 08:41:53] OPTIONS /E-learning/backend/index.php/api/assignments/recent-submissions
[2026-04-27 08:41:53] GET /E-learning/backend/index.php/api/assignments/recent-submissions
[2026-04-27 08:41:53] GET /E-learning/backend/index.php/api/teacher/courses
[2026-04-27 08:41:53] GET /E-learning/backend/index.php/api/assignments/recent-submissions
[2026-04-27 08:42:14] OPTIONS /E-learning/backend/index.php/api/auth/login
[2026-04-27 08:42:14] POST /E-learning/backend/index.php/api/auth/login
[2026-04-27 08:42:15] OPTIONS /E-learning/backend/index.php/api/teacher/courses
[2026-04-27 08:42:15] GET /E-learning/backend/index.php/api/teacher/courses
[2026-04-27 08:42:15] OPTIONS /E-learning/backend/index.php/api/assignments/recent-submissions
[2026-04-27 08:42:15] OPTIONS /E-learning/backend/index.php/api/assignments/recent-submissions
[2026-04-27 08:42:15] GET /E-learning/backend/index.php/api/assignments/recent-submissions
[2026-04-27 08:42:15] GET /E-learning/backend/index.php/api/teacher/courses
[2026-04-27 08:42:15] GET /E-learning/backend/index.php/api/assignments/recent-submissions
[2026-04-27 08:42:21] OPTIONS /E-learning/backend/index.php/api/student/course-content?course_id=6
[2026-04-27 08:42:21] OPTIONS /E-learning/backend/index.php/api/student/course-content?course_id=6
[2026-04-27 08:42:21] GET /E-learning/backend/index.php/api/student/course-content?course_id=6
[2026-04-27 08:42:21] GET /E-learning/backend/index.php/api/student/course-content?course_id=6
[2026-04-27 08:42:27] OPTIONS /E-learning/backend/index.php/api/teacher/courses
[2026-04-27 08:42:27] OPTIONS /E-learning/backend/index.php/api/assignments/recent-submissions
[2026-04-27 08:42:27] OPTIONS /E-learning/backend/index.php/api/teacher/courses
[2026-04-27 08:42:27] OPTIONS /E-learning/backend/index.php/api/assignments/recent-submissions
[2026-04-27 08:42:27] GET /E-learning/backend/index.php/api/teacher/courses
[2026-04-27 08:42:27] GET /E-learning/backend/index.php/api/assignments/recent-submissions
[2026-04-27 08:42:27] GET /E-learning/backend/index.php/api/teacher/courses
[2026-04-27 08:42:27] GET /E-learning/backend/index.php/api/assignments/recent-submissions
[2026-04-27 08:42:32] GET /E-learning/backend/index.php/api/teacher/courses
[2026-04-27 08:42:32] GET /E-learning/backend/index.php/api/assignments/recent-submissions
[2026-04-27 08:42:32] GET /E-learning/backend/index.php/api/teacher/courses
[2026-04-27 08:42:32] GET /E-learning/backend/index.php/api/assignments/recent-submissions
[2026-04-27 08:42:34] OPTIONS /E-learning/backend/index.php/api/teacher/courses
[2026-04-27 08:42:34] OPTIONS /E-learning/backend/index.php/api/assignments/recent-submissions
[2026-04-27 08:42:34] OPTIONS /E-learning/backend/index.php/api/teacher/courses
[2026-04-27 08:42:34] GET /E-learning/backend/index.php/api/teacher/courses
[2026-04-27 08:42:34] OPTIONS /E-learning/backend/index.php/api/assignments/recent-submissions
[2026-04-27 08:42:34] GET /E-learning/backend/index.php/api/assignments/recent-submissions
[2026-04-27 08:42:34] GET /E-learning/backend/index.php/api/assignments/recent-submissions
[2026-04-27 08:42:34] GET /E-learning/backend/index.php/api/teacher/courses
[2026-04-27 08:42:36] GET /E-learning/backend/index.php/api/teacher/courses
[2026-04-27 08:42:36] GET /E-learning/backend/index.php/api/assignments/recent-submissions
[2026-04-27 08:42:36] GET /E-learning/backend/index.php/api/assignments/recent-submissions
[2026-04-27 08:42:36] GET /E-learning/backend/index.php/api/teacher/courses
[2026-04-27 08:42:44] OPTIONS /E-learning/backend/index.php/api/teacher/courses
[2026-04-27 08:42:44] OPTIONS /E-learning/backend/index.php/api/assignments/recent-submissions
[2026-04-27 08:42:44] OPTIONS /E-learning/backend/index.php/api/teacher/courses
[2026-04-27 08:42:44] OPTIONS /E-learning/backend/index.php/api/assignments/recent-submissions
[2026-04-27 08:42:44] GET /E-learning/backend/index.php/api/teacher/courses
[2026-04-27 08:42:44] GET /E-learning/backend/index.php/api/assignments/recent-submissions
[2026-04-27 08:42:44] GET /E-learning/backend/index.php/api/teacher/courses
[2026-04-27 08:42:44] GET /E-learning/backend/index.php/api/assignments/recent-submissions
[2026-04-27 08:42:48] OPTIONS /E-learning/backend/index.php/api/assignments/my-assignments
[2026-04-27 08:42:48] GET /E-learning/backend/index.php/api/teacher/courses
[2026-04-27 08:42:48] OPTIONS /E-learning/backend/index.php/api/assignments/my-assignments
[2026-04-27 08:42:48] GET /E-learning/backend/index.php/api/assignments/my-assignments
[2026-04-27 08:42:48] GET /E-learning/backend/index.php/api/teacher/courses
[2026-04-27 08:42:48] GET /E-learning/backend/index.php/api/assignments/my-assignments
[2026-04-27 08:42:52] OPTIONS /E-learning/backend/index.php/api/teacher/courses
[2026-04-27 08:42:52] OPTIONS /E-learning/backend/index.php/api/assignments/recent-submissions
[2026-04-27 08:42:52] OPTIONS /E-learning/backend/index.php/api/teacher/courses
[2026-04-27 08:42:52] GET /E-learning/backend/index.php/api/teacher/courses
[2026-04-27 08:42:52] OPTIONS /E-learning/backend/index.php/api/assignments/recent-submissions
[2026-04-27 08:42:52] GET /E-learning/backend/index.php/api/assignments/recent-submissions
[2026-04-27 08:42:52] GET /E-learning/backend/index.php/api/teacher/courses
[2026-04-27 08:42:52] GET /E-learning/backend/index.php/api/assignments/recent-submissions
[2026-04-27 08:42:53] GET /E-learning/backend/index.php/api/teacher/courses
[2026-04-27 08:42:53] GET /E-learning/backend/index.php/api/assignments/recent-submissions
[2026-04-27 08:42:53] GET /E-learning/backend/index.php/api/teacher/courses
[2026-04-27 08:42:53] GET /E-learning/backend/index.php/api/assignments/recent-submissions
[2026-04-27 08:42:59] OPTIONS /E-learning/backend/index.php/api/student/course-content?course_id=3
[2026-04-27 08:42:59] OPTIONS /E-learning/backend/index.php/api/student/course-content?course_id=3
[2026-04-27 08:42:59] GET /E-learning/backend/index.php/api/student/course-content?course_id=3
[2026-04-27 08:42:59] GET /E-learning/backend/index.php/api/student/course-content?course_id=3
[2026-04-27 08:43:35] OPTIONS /E-learning/backend/index.php/api/teacher/courses
[2026-04-27 08:43:35] OPTIONS /E-learning/backend/index.php/api/assignments/recent-submissions
[2026-04-27 08:43:35] OPTIONS /E-learning/backend/index.php/api/teacher/courses
[2026-04-27 08:43:35] OPTIONS /E-learning/backend/index.php/api/assignments/recent-submissions
[2026-04-27 08:43:35] GET /E-learning/backend/index.php/api/teacher/courses
[2026-04-27 08:43:35] GET /E-learning/backend/index.php/api/assignments/recent-submissions
[2026-04-27 08:43:35] GET /E-learning/backend/index.php/api/teacher/courses
[2026-04-27 08:43:35] GET /E-learning/backend/index.php/api/assignments/recent-submissions
[2026-04-27 08:43:42] OPTIONS /E-learning/backend/index.php/api/student/course-content?course_id=3
[2026-04-27 08:43:42] OPTIONS /E-learning/backend/index.php/api/student/course-content?course_id=3
[2026-04-27 08:43:42] GET /E-learning/backend/index.php/api/student/course-content?course_id=3
[2026-04-27 08:43:42] GET /E-learning/backend/index.php/api/student/course-content?course_id=3
[2026-04-27 08:44:45] OPTIONS /E-learning/backend/index.php/api/teacher/chapters
[2026-04-27 08:44:45] POST /E-learning/backend/index.php/api/teacher/chapters
[2026-04-27 08:44:45] OPTIONS /E-learning/backend/index.php/api/student/course-content?course_id=3
[2026-04-27 08:44:45] GET /E-learning/backend/index.php/api/student/course-content?course_id=3
[2026-04-27 08:45:45] OPTIONS /E-learning/backend/index.php/api/teacher/notes
[2026-04-27 08:45:45] POST /E-learning/backend/index.php/api/teacher/notes
[2026-04-27 08:45:45] OPTIONS /E-learning/backend/index.php/api/student/course-content?course_id=3
[2026-04-27 08:45:45] GET /E-learning/backend/index.php/api/student/course-content?course_id=3
[2026-04-27 08:48:54] OPTIONS /E-learning/backend/index.php/api/student/course-content?course_id=3
[2026-04-27 08:48:54] OPTIONS /E-learning/backend/index.php/api/student/course-content?course_id=3
[2026-04-27 08:48:54] GET /E-learning/backend/index.php/api/student/course-content?course_id=3
[2026-04-27 08:48:54] GET /E-learning/backend/index.php/api/student/course-content?course_id=3
[2026-04-27 08:52:49] OPTIONS /E-learning/backend/index.php/api/student/course-content?course_id=3
[2026-04-27 08:52:49] OPTIONS /E-learning/backend/index.php/api/student/course-content?course_id=3
[2026-04-27 08:52:49] GET /E-learning/backend/index.php/api/student/course-content?course_id=3
[2026-04-27 08:52:50] GET /E-learning/backend/index.php/api/student/course-content?course_id=3
[2026-04-27 08:52:53] GET /E-learning/backend/index.php/api/student/course-content?course_id=3
[2026-04-27 08:53:08] OPTIONS /E-learning/backend/index.php/api/teacher/courses
[2026-04-27 08:53:08] OPTIONS /E-learning/backend/index.php/api/assignments/recent-submissions
[2026-04-27 08:53:08] OPTIONS /E-learning/backend/index.php/api/teacher/courses
[2026-04-27 08:53:08] OPTIONS /E-learning/backend/index.php/api/assignments/recent-submissions
[2026-04-27 08:53:08] GET /E-learning/backend/index.php/api/teacher/courses
[2026-04-27 08:53:08] GET /E-learning/backend/index.php/api/assignments/recent-submissions
[2026-04-27 08:53:08] GET /E-learning/backend/index.php/api/teacher/courses
[2026-04-27 08:53:08] GET /E-learning/backend/index.php/api/assignments/recent-submissions
[2026-04-27 08:53:18] GET /E-learning/backend/index.php/api/admin/users
[2026-04-27 08:53:18] GET /E-learning/backend/index.php/api/admin/users
[2026-04-27 08:54:40] OPTIONS /E-learning/backend/index.php/api/auth/login
[2026-04-27 08:54:40] POST /E-learning/backend/index.php/api/auth/login
[2026-04-27 08:54:47] OPTIONS /E-learning/backend/index.php/api/assignments/my-assignments
[2026-04-27 08:54:47] OPTIONS /E-learning/backend/index.php/api/teacher/courses
[2026-04-27 08:54:47] OPTIONS /E-learning/backend/index.php/api/assignments/my-assignments
[2026-04-27 08:54:47] OPTIONS /E-learning/backend/index.php/api/teacher/courses
[2026-04-27 08:54:47] GET /E-learning/backend/index.php/api/assignments/my-assignments
[2026-04-27 08:54:47] GET /E-learning/backend/index.php/api/teacher/courses
[2026-04-27 08:54:47] GET /E-learning/backend/index.php/api/assignments/my-assignments
[2026-04-27 08:54:47] GET /E-learning/backend/index.php/api/teacher/courses
[2026-04-27 08:54:48] GET /E-learning/backend/index.php/api/teacher/courses
[2026-04-27 08:54:48] OPTIONS /E-learning/backend/index.php/api/assignments/recent-submissions
[2026-04-27 08:54:48] OPTIONS /E-learning/backend/index.php/api/assignments/recent-submissions
[2026-04-27 08:54:48] GET /E-learning/backend/index.php/api/assignments/recent-submissions
[2026-04-27 08:54:48] GET /E-learning/backend/index.php/api/teacher/courses
[2026-04-27 08:54:48] GET /E-learning/backend/index.php/api/assignments/recent-submissions
[2026-04-27 08:54:55] OPTIONS /E-learning/backend/index.php/api/student/course-content?course_id=3
[2026-04-27 08:54:55] OPTIONS /E-learning/backend/index.php/api/student/course-content?course_id=3
[2026-04-27 08:54:55] GET /E-learning/backend/index.php/api/student/course-content?course_id=3
[2026-04-27 08:54:55] GET /E-learning/backend/index.php/api/student/course-content?course_id=3
[2026-04-27 08:56:01] OPTIONS /E-learning/backend/index.php/api/teacher/materials
[2026-04-27 08:56:01] POST /E-learning/backend/index.php/api/teacher/materials
[2026-04-27 08:56:01] OPTIONS /E-learning/backend/index.php/api/student/course-content?course_id=3
[2026-04-27 08:56:01] GET /E-learning/backend/index.php/api/student/course-content?course_id=3
[2026-04-27 08:56:13] OPTIONS /E-learning/backend/index.php/api/student/course-content?course_id=3
[2026-04-27 08:56:13] OPTIONS /E-learning/backend/index.php/api/student/course-content?course_id=3
[2026-04-27 08:56:13] GET /E-learning/backend/index.php/api/student/course-content?course_id=3
[2026-04-27 08:56:13] GET /E-learning/backend/index.php/api/student/course-content?course_id=3
[2026-04-27 08:56:49] OPTIONS /E-learning/backend/index.php/api/student/course-content?course_id=3
[2026-04-27 08:56:49] OPTIONS /E-learning/backend/index.php/api/student/course-content?course_id=3
[2026-04-27 08:56:49] GET /E-learning/backend/index.php/api/student/course-content?course_id=3
[2026-04-27 08:56:49] GET /E-learning/backend/index.php/api/student/course-content?course_id=3
[2026-04-27 08:57:36] OPTIONS /E-learning/backend/index.php/api/teacher/materials
[2026-04-27 08:57:36] POST /E-learning/backend/index.php/api/teacher/materials
[2026-04-27 08:57:36] OPTIONS /E-learning/backend/index.php/api/student/course-content?course_id=3
[2026-04-27 08:57:36] GET /E-learning/backend/index.php/api/student/course-content?course_id=3
[2026-04-27 08:57:48] OPTIONS /E-learning/backend/index.php/api/student/course-content?course_id=3
[2026-04-27 08:57:48] OPTIONS /E-learning/backend/index.php/api/student/course-content?course_id=3
[2026-04-27 08:57:48] GET /E-learning/backend/index.php/api/student/course-content?course_id=3
[2026-04-27 08:57:48] GET /E-learning/backend/index.php/api/student/course-content?course_id=3
[2026-04-27 08:58:15] OPTIONS /E-learning/backend/index.php/api/student/course-content?course_id=3
[2026-04-27 08:58:15] OPTIONS /E-learning/backend/index.php/api/student/course-content?course_id=3
[2026-04-27 08:58:15] GET /E-learning/backend/index.php/api/student/course-content?course_id=3
[2026-04-27 08:58:15] GET /E-learning/backend/index.php/api/student/course-content?course_id=3
[2026-04-27 08:58:43] OPTIONS /E-learning/backend/index.php/api/student/course-content?course_id=3
[2026-04-27 08:58:43] GET /E-learning/backend/index.php/api/student/course-content?course_id=3
[2026-04-27 08:58:43] GET /E-learning/backend/index.php/api/student/course-content?course_id=3
[2026-04-27 08:59:19] OPTIONS /E-learning/backend/index.php/api/auth/login
[2026-04-27 08:59:19] POST /E-learning/backend/index.php/api/auth/login
[2026-04-27 08:59:19] OPTIONS /E-learning/backend/index.php/api/admin/overview
[2026-04-27 08:59:19] OPTIONS /E-learning/backend/index.php/api/admin/overview
[2026-04-27 08:59:19] GET /E-learning/backend/index.php/api/admin/overview
[2026-04-27 08:59:19] GET /E-learning/backend/index.php/api/admin/overview
[2026-04-27 08:59:27] OPTIONS /E-learning/backend/index.php/api/admin/users
[2026-04-27 08:59:27] OPTIONS /E-learning/backend/index.php/api/admin/users
[2026-04-27 08:59:27] GET /E-learning/backend/index.php/api/admin/users
[2026-04-27 08:59:27] GET /E-learning/backend/index.php/api/admin/users
[2026-04-27 09:00:03] OPTIONS /E-learning/backend/index.php/api/admin/users
[2026-04-27 09:00:03] POST /E-learning/backend/index.php/api/admin/users
[2026-04-27 09:00:03] GET /E-learning/backend/index.php/api/admin/users
[2026-04-27 09:00:28] OPTIONS /E-learning/backend/index.php/api/auth/login
[2026-04-27 09:00:28] POST /E-learning/backend/index.php/api/auth/login
[2026-04-27 09:00:43] OPTIONS /E-learning/backend/index.php/api/auth/login
[2026-04-27 09:00:44] POST /E-learning/backend/index.php/api/auth/login
[2026-04-27 09:00:44] OPTIONS /E-learning/backend/index.php/api/student/schedule
[2026-04-27 09:00:44] OPTIONS /E-learning/backend/index.php/api/assignments/student
[2026-04-27 09:00:44] OPTIONS /E-learning/backend/index.php/api/student/schedule
[2026-04-27 09:00:44] OPTIONS /E-learning/backend/index.php/api/assignments/student
[2026-04-27 09:00:44] GET /E-learning/backend/index.php/api/student/schedule
[2026-04-27 09:00:44] GET /E-learning/backend/index.php/api/assignments/student
[2026-04-27 09:00:44] GET /E-learning/backend/index.php/api/student/schedule
[2026-04-27 09:00:44] GET /E-learning/backend/index.php/api/assignments/student
[2026-04-27 09:00:54] OPTIONS /E-learning/backend/index.php/api/student/schedule
[2026-04-27 09:00:54] OPTIONS /E-learning/backend/index.php/api/student/schedule
[2026-04-27 09:00:54] GET /E-learning/backend/index.php/api/student/schedule
[2026-04-27 09:00:54] GET /E-learning/backend/index.php/api/student/schedule
[2026-04-27 09:00:57] OPTIONS /E-learning/backend/index.php/api/assignments/student
[2026-04-27 09:00:57] OPTIONS /E-learning/backend/index.php/api/assignments/student
[2026-04-27 09:00:57] GET /E-learning/backend/index.php/api/assignments/student
[2026-04-27 09:00:57] GET /E-learning/backend/index.php/api/assignments/student
[2026-04-27 09:00:59] OPTIONS /E-learning/backend/index.php/api/student/grades
[2026-04-27 09:00:59] OPTIONS /E-learning/backend/index.php/api/student/grades
[2026-04-27 09:00:59] GET /E-learning/backend/index.php/api/student/grades
[2026-04-27 09:00:59] GET /E-learning/backend/index.php/api/student/grades
[2026-04-27 09:01:00] OPTIONS /E-learning/backend/index.php/api/messages/conversations
[2026-04-27 09:01:00] OPTIONS /E-learning/backend/index.php/api/messages/contacts
[2026-04-27 09:01:00] GET /E-learning/backend/index.php/api/messages/conversations
[2026-04-27 09:01:00] OPTIONS /E-learning/backend/index.php/api/messages/conversations
[2026-04-27 09:01:00] OPTIONS /E-learning/backend/index.php/api/messages/contacts
[2026-04-27 09:01:00] GET /E-learning/backend/index.php/api/messages/contacts
[2026-04-27 09:01:00] GET /E-learning/backend/index.php/api/messages/conversations
[2026-04-27 09:01:00] GET /E-learning/backend/index.php/api/messages/contacts
[2026-04-27 09:01:02] OPTIONS /E-learning/backend/index.php/api/student/schedule
[2026-04-27 09:01:02] OPTIONS /E-learning/backend/index.php/api/assignments/student
[2026-04-27 09:01:02] OPTIONS /E-learning/backend/index.php/api/student/schedule
[2026-04-27 09:01:02] GET /E-learning/backend/index.php/api/student/schedule
[2026-04-27 09:01:02] OPTIONS /E-learning/backend/index.php/api/assignments/student
[2026-04-27 09:01:02] GET /E-learning/backend/index.php/api/assignments/student
[2026-04-27 09:01:02] GET /E-learning/backend/index.php/api/student/schedule
[2026-04-27 09:01:02] GET /E-learning/backend/index.php/api/assignments/student
[2026-04-27 09:01:09] OPTIONS /E-learning/backend/index.php/api/classes
[2026-04-27 09:01:09] OPTIONS /E-learning/backend/index.php/api/subjects
[2026-04-27 09:01:09] OPTIONS /E-learning/backend/index.php/api/admin/users?role=teacher
[2026-04-27 09:01:09] OPTIONS /E-learning/backend/index.php/api/classes
[2026-04-27 09:01:09] OPTIONS /E-learning/backend/index.php/api/admin/assignments
[2026-04-27 09:01:09] OPTIONS /E-learning/backend/index.php/api/subjects
[2026-04-27 09:01:09] OPTIONS /E-learning/backend/index.php/api/admin/users?role=teacher
[2026-04-27 09:01:09] OPTIONS /E-learning/backend/index.php/api/admin/assignments
[2026-04-27 09:01:09] GET /E-learning/backend/index.php/api/admin/users?role=teacher
[2026-04-27 09:01:09] GET /E-learning/backend/index.php/api/classes
[2026-04-27 09:01:09] GET /E-learning/backend/index.php/api/subjects
[2026-04-27 09:01:09] GET /E-learning/backend/index.php/api/admin/assignments
[2026-04-27 09:01:09] GET /E-learning/backend/index.php/api/admin/users?role=teacher
[2026-04-27 09:01:09] GET /E-learning/backend/index.php/api/classes
[2026-04-27 09:01:09] GET /E-learning/backend/index.php/api/admin/assignments
[2026-04-27 09:01:09] GET /E-learning/backend/index.php/api/subjects
[2026-04-27 09:02:00] OPTIONS /E-learning/backend/index.php/api/auth/login
[2026-04-27 09:02:00] POST /E-learning/backend/index.php/api/auth/login
[2026-04-27 09:02:00] OPTIONS /E-learning/backend/index.php/api/admin/overview
[2026-04-27 09:02:00] OPTIONS /E-learning/backend/index.php/api/admin/overview
[2026-04-27 09:02:00] GET /E-learning/backend/index.php/api/admin/overview
[2026-04-27 09:02:00] GET /E-learning/backend/index.php/api/admin/overview
[2026-04-27 09:02:21] OPTIONS /E-learning/backend/index.php/api/admin/years
[2026-04-27 09:02:21] OPTIONS /E-learning/backend/index.php/api/admin/years
[2026-04-27 09:02:21] GET /E-learning/backend/index.php/api/admin/years
[2026-04-27 09:02:21] GET /E-learning/backend/index.php/api/admin/years
[2026-04-27 09:02:28] OPTIONS /E-learning/backend/index.php/api/classes
[2026-04-27 09:02:28] OPTIONS /E-learning/backend/index.php/api/subjects
[2026-04-27 09:02:28] OPTIONS /E-learning/backend/index.php/api/admin/users?role=teacher
[2026-04-27 09:02:28] OPTIONS /E-learning/backend/index.php/api/admin/assignments
[2026-04-27 09:02:28] OPTIONS /E-learning/backend/index.php/api/classes
[2026-04-27 09:02:28] OPTIONS /E-learning/backend/index.php/api/subjects
[2026-04-27 09:02:28] OPTIONS /E-learning/backend/index.php/api/admin/users?role=teacher
[2026-04-27 09:02:28] OPTIONS /E-learning/backend/index.php/api/admin/assignments
[2026-04-27 09:02:28] GET /E-learning/backend/index.php/api/admin/users?role=teacher
[2026-04-27 09:02:28] GET /E-learning/backend/index.php/api/classes
[2026-04-27 09:02:28] GET /E-learning/backend/index.php/api/subjects
[2026-04-27 09:02:28] GET /E-learning/backend/index.php/api/admin/assignments
[2026-04-27 09:02:28] GET /E-learning/backend/index.php/api/admin/users?role=teacher
[2026-04-27 09:02:28] GET /E-learning/backend/index.php/api/admin/assignments
[2026-04-27 09:02:28] GET /E-learning/backend/index.php/api/subjects
[2026-04-27 09:02:28] GET /E-learning/backend/index.php/api/classes
[2026-04-27 09:02:54] OPTIONS /E-learning/backend/index.php/api/student/schedule
[2026-04-27 09:02:54] OPTIONS /E-learning/backend/index.php/api/student/schedule
[2026-04-27 09:02:54] GET /E-learning/backend/index.php/api/student/schedule
[2026-04-27 09:02:54] GET /E-learning/backend/index.php/api/student/schedule
[2026-04-27 09:07:19] OPTIONS /E-learning/backend/index.php/api/admin/users
[2026-04-27 09:07:19] OPTIONS /E-learning/backend/index.php/api/admin/users
[2026-04-27 09:07:19] GET /E-learning/backend/index.php/api/admin/users
[2026-04-27 09:07:19] GET /E-learning/backend/index.php/api/admin/users
[2026-04-27 09:07:24] OPTIONS /E-learning/backend/index.php/api/admin/overview
[2026-04-27 09:07:24] GET /E-learning/backend/index.php/api/admin/overview
[2026-04-27 09:07:24] OPTIONS /E-learning/backend/index.php/api/admin/overview
[2026-04-27 09:07:24] GET /E-learning/backend/index.php/api/admin/overview
[2026-04-27 09:07:35] OPTIONS /E-learning/backend/index.php/api/admin/users
[2026-04-27 09:07:35] OPTIONS /E-learning/backend/index.php/api/admin/users
[2026-04-27 09:07:35] GET /E-learning/backend/index.php/api/admin/users
[2026-04-27 09:07:35] GET /E-learning/backend/index.php/api/admin/users
[2026-04-27 09:07:38] OPTIONS /E-learning/backend/index.php/api/classes
[2026-04-27 09:07:38] OPTIONS /E-learning/backend/index.php/api/subjects
[2026-04-27 09:07:38] GET /E-learning/backend/index.php/api/classes
[2026-04-27 09:07:38] OPTIONS /E-learning/backend/index.php/api/admin/assignments
[2026-04-27 09:07:38] OPTIONS /E-learning/backend/index.php/api/admin/users?role=teacher
[2026-04-27 09:07:38] OPTIONS /E-learning/backend/index.php/api/subjects
[2026-04-27 09:07:38] OPTIONS /E-learning/backend/index.php/api/admin/users?role=teacher
[2026-04-27 09:07:38] OPTIONS /E-learning/backend/index.php/api/admin/assignments
[2026-04-27 09:07:38] GET /E-learning/backend/index.php/api/admin/assignments
[2026-04-27 09:07:38] GET /E-learning/backend/index.php/api/subjects
[2026-04-27 09:07:38] GET /E-learning/backend/index.php/api/classes
[2026-04-27 09:07:38] GET /E-learning/backend/index.php/api/admin/users?role=teacher
[2026-04-27 09:07:38] GET /E-learning/backend/index.php/api/subjects
[2026-04-27 09:07:38] GET /E-learning/backend/index.php/api/admin/assignments
[2026-04-27 09:07:38] GET /E-learning/backend/index.php/api/admin/users?role=teacher
[2026-04-27 09:07:45] OPTIONS /E-learning/backend/index.php/api/admin/years
[2026-04-27 09:07:45] OPTIONS /E-learning/backend/index.php/api/admin/years
[2026-04-27 09:07:45] GET /E-learning/backend/index.php/api/admin/years
[2026-04-27 09:07:45] GET /E-learning/backend/index.php/api/admin/years
[2026-04-27 09:07:52] OPTIONS /E-learning/backend/index.php/api/admin/years
[2026-04-27 09:07:52] GET /E-learning/backend/index.php/api/admin/years
[2026-04-27 09:10:15] OPTIONS /E-learning/backend/index.php/api/admin/users
[2026-04-27 09:10:15] OPTIONS /E-learning/backend/index.php/api/admin/users
[2026-04-27 09:10:15] GET /E-learning/backend/index.php/api/admin/users
[2026-04-27 09:10:15] GET /E-learning/backend/index.php/api/admin/users
[2026-04-27 09:10:18] OPTIONS /E-learning/backend/index.php/api/classes
[2026-04-27 09:10:18] OPTIONS /E-learning/backend/index.php/api/subjects
[2026-04-27 09:10:18] OPTIONS /E-learning/backend/index.php/api/admin/users?role=teacher
[2026-04-27 09:10:18] OPTIONS /E-learning/backend/index.php/api/admin/users?role=student
[2026-04-27 09:10:18] GET /E-learning/backend/index.php/api/classes
[2026-04-27 09:10:18] OPTIONS /E-learning/backend/index.php/api/admin/assignments
[2026-04-27 09:10:18] OPTIONS /E-learning/backend/index.php/api/subjects
[2026-04-27 09:10:18] OPTIONS /E-learning/backend/index.php/api/admin/users?role=teacher
[2026-04-27 09:10:18] GET /E-learning/backend/index.php/api/admin/users?role=teacher
[2026-04-27 09:10:18] OPTIONS /E-learning/backend/index.php/api/admin/users?role=student
[2026-04-27 09:10:18] OPTIONS /E-learning/backend/index.php/api/admin/assignments
[2026-04-27 09:10:18] GET /E-learning/backend/index.php/api/admin/users?role=student
[2026-04-27 09:10:18] GET /E-learning/backend/index.php/api/subjects
[2026-04-27 09:10:18] GET /E-learning/backend/index.php/api/admin/assignments
[2026-04-27 09:10:18] GET /E-learning/backend/index.php/api/admin/users?role=teacher
[2026-04-27 09:10:18] GET /E-learning/backend/index.php/api/classes
[2026-04-27 09:10:18] GET /E-learning/backend/index.php/api/subjects
[2026-04-27 09:10:18] GET /E-learning/backend/index.php/api/admin/assignments
[2026-04-27 09:10:18] GET /E-learning/backend/index.php/api/admin/users?role=student
[2026-04-27 09:10:32] OPTIONS /E-learning/backend/index.php/api/classes
[2026-04-27 09:10:32] OPTIONS /E-learning/backend/index.php/api/subjects
[2026-04-27 09:10:32] OPTIONS /E-learning/backend/index.php/api/admin/users?role=teacher
[2026-04-27 09:10:32] GET /E-learning/backend/index.php/api/classes
[2026-04-27 09:10:32] GET /E-learning/backend/index.php/api/subjects
[2026-04-27 09:10:32] OPTIONS /E-learning/backend/index.php/api/admin/users?role=student
[2026-04-27 09:10:32] GET /E-learning/backend/index.php/api/admin/users?role=teacher
[2026-04-27 09:10:32] OPTIONS /E-learning/backend/index.php/api/admin/assignments
[2026-04-27 09:10:32] GET /E-learning/backend/index.php/api/admin/assignments
[2026-04-27 09:10:32] GET /E-learning/backend/index.php/api/admin/users?role=student
[2026-04-27 09:15:54] OPTIONS /E-learning/backend/index.php/api/classes
[2026-04-27 09:15:54] OPTIONS /E-learning/backend/index.php/api/admin/users?role=teacher
[2026-04-27 09:15:54] OPTIONS /E-learning/backend/index.php/api/subjects
[2026-04-27 09:15:54] OPTIONS /E-learning/backend/index.php/api/subjects
[2026-04-27 09:15:54] OPTIONS /E-learning/backend/index.php/api/admin/users?role=student
[2026-04-27 09:15:54] OPTIONS /E-learning/backend/index.php/api/admin/assignments
[2026-04-27 09:15:54] OPTIONS /E-learning/backend/index.php/api/classes
[2026-04-27 09:15:54] OPTIONS /E-learning/backend/index.php/api/admin/users?role=teacher
[2026-04-27 09:15:54] GET /E-learning/backend/index.php/api/admin/users?role=teacher
[2026-04-27 09:15:54] OPTIONS /E-learning/backend/index.php/api/admin/users?role=student
[2026-04-27 09:15:54] GET /E-learning/backend/index.php/api/classes
[2026-04-27 09:15:54] GET /E-learning/backend/index.php/api/subjects
[2026-04-27 09:15:54] OPTIONS /E-learning/backend/index.php/api/admin/assignments
[2026-04-27 09:15:54] GET /E-learning/backend/index.php/api/admin/users?role=student
[2026-04-27 09:15:54] GET /E-learning/backend/index.php/api/admin/users?role=teacher
[2026-04-27 09:15:54] GET /E-learning/backend/index.php/api/admin/assignments
[2026-04-27 09:15:54] GET /E-learning/backend/index.php/api/classes
[2026-04-27 09:15:54] GET /E-learning/backend/index.php/api/admin/users?role=student
[2026-04-27 09:15:54] GET /E-learning/backend/index.php/api/subjects
[2026-04-27 09:15:54] GET /E-learning/backend/index.php/api/admin/assignments
[2026-04-27 09:16:00] OPTIONS /E-learning/backend/index.php/api/admin/users
[2026-04-27 09:16:00] OPTIONS /E-learning/backend/index.php/api/admin/users
[2026-04-27 09:16:00] GET /E-learning/backend/index.php/api/admin/users
[2026-04-27 09:16:00] GET /E-learning/backend/index.php/api/admin/users
[2026-04-27 09:18:45] OPTIONS /E-learning/backend/index.php/api/admin/users
[2026-04-27 09:18:45] OPTIONS /E-learning/backend/index.php/api/admin/users
[2026-04-27 09:18:45] GET /E-learning/backend/index.php/api/admin/users
[2026-04-27 09:18:45] GET /E-learning/backend/index.php/api/admin/users
[2026-04-27 09:18:47] GET /E-learning/backend/index.php/api/admin/users
[2026-04-27 09:18:47] GET /E-learning/backend/index.php/api/admin/users
[2026-04-27 09:26:41] OPTIONS /E-learning/backend/index.php/api/admin/users
[2026-04-27 09:26:41] OPTIONS /E-learning/backend/index.php/api/admin/users
[2026-04-27 09:26:41] GET /E-learning/backend/index.php/api/admin/users
[2026-04-27 09:26:41] GET /E-learning/backend/index.php/api/admin/users
[2026-04-27 09:26:43] GET /E-learning/backend/index.php/api/admin/users
[2026-04-27 09:26:43] GET /E-learning/backend/index.php/api/admin/users
[2026-04-27 09:26:51] OPTIONS /E-learning/backend/index.php/api/admin/users?id=7
[2026-04-27 09:26:51] DELETE /E-learning/backend/index.php/api/admin/users?id=7
[2026-04-27 09:26:51] OPTIONS /E-learning/backend/index.php/api/admin/users
[2026-04-27 09:26:51] GET /E-learning/backend/index.php/api/admin/users
[2026-04-27 09:26:58] OPTIONS /E-learning/backend/index.php/api/admin/users?id=2
[2026-04-27 09:26:58] DELETE /E-learning/backend/index.php/api/admin/users?id=2
[2026-04-27 09:26:58] OPTIONS /E-learning/backend/index.php/api/admin/users
[2026-04-27 09:26:58] GET /E-learning/backend/index.php/api/admin/users
[2026-04-27 09:27:02] OPTIONS /E-learning/backend/index.php/api/admin/users?id=5
[2026-04-27 09:27:02] DELETE /E-learning/backend/index.php/api/admin/users?id=5
[2026-04-27 09:27:02] GET /E-learning/backend/index.php/api/admin/users
[2026-04-27 09:27:05] OPTIONS /E-learning/backend/index.php/api/admin/users?id=6
[2026-04-27 09:27:05] DELETE /E-learning/backend/index.php/api/admin/users?id=6
[2026-04-27 09:27:05] OPTIONS /E-learning/backend/index.php/api/admin/users
[2026-04-27 09:27:05] GET /E-learning/backend/index.php/api/admin/users
[2026-04-27 09:27:09] OPTIONS /E-learning/backend/index.php/api/admin/users?id=4
[2026-04-27 09:27:09] DELETE /E-learning/backend/index.php/api/admin/users?id=4
[2026-04-27 09:27:09] GET /E-learning/backend/index.php/api/admin/users
[2026-04-27 09:27:12] OPTIONS /E-learning/backend/index.php/api/admin/users?id=3
[2026-04-27 09:27:12] DELETE /E-learning/backend/index.php/api/admin/users?id=3
[2026-04-27 09:27:12] OPTIONS /E-learning/backend/index.php/api/admin/users
[2026-04-27 09:27:12] GET /E-learning/backend/index.php/api/admin/users
[2026-04-27 09:27:14] OPTIONS /E-learning/backend/index.php/api/classes
[2026-04-27 09:27:14] OPTIONS /E-learning/backend/index.php/api/subjects
[2026-04-27 09:27:14] GET /E-learning/backend/index.php/api/classes
[2026-04-27 09:27:14] OPTIONS /E-learning/backend/index.php/api/admin/users?role=teacher
[2026-04-27 09:27:14] OPTIONS /E-learning/backend/index.php/api/admin/users?role=student
[2026-04-27 09:27:14] OPTIONS /E-learning/backend/index.php/api/admin/assignments
[2026-04-27 09:27:14] OPTIONS /E-learning/backend/index.php/api/subjects
[2026-04-27 09:27:14] OPTIONS /E-learning/backend/index.php/api/admin/users?role=teacher
[2026-04-27 09:27:14] OPTIONS /E-learning/backend/index.php/api/admin/users?role=student
[2026-04-27 09:27:14] GET /E-learning/backend/index.php/api/admin/users?role=student
[2026-04-27 09:27:14] OPTIONS /E-learning/backend/index.php/api/admin/assignments
[2026-04-27 09:27:14] GET /E-learning/backend/index.php/api/subjects
[2026-04-27 09:27:14] GET /E-learning/backend/index.php/api/admin/users?role=teacher
[2026-04-27 09:27:14] GET /E-learning/backend/index.php/api/admin/assignments
[2026-04-27 09:27:14] GET /E-learning/backend/index.php/api/classes
[2026-04-27 09:27:14] GET /E-learning/backend/index.php/api/subjects
[2026-04-27 09:27:14] GET /E-learning/backend/index.php/api/admin/users?role=teacher
[2026-04-27 09:27:14] GET /E-learning/backend/index.php/api/admin/users?role=student
[2026-04-27 09:27:14] GET /E-learning/backend/index.php/api/admin/assignments
[2026-04-27 09:27:23] OPTIONS /E-learning/backend/index.php/api/admin/years
[2026-04-27 09:27:23] OPTIONS /E-learning/backend/index.php/api/admin/years
[2026-04-27 09:27:23] GET /E-learning/backend/index.php/api/admin/years
[2026-04-27 09:27:23] GET /E-learning/backend/index.php/api/admin/years
[2026-04-27 09:27:31] OPTIONS /E-learning/backend/index.php/api/admin/active-year
[2026-04-27 09:27:31] POST /E-learning/backend/index.php/api/admin/active-year
[2026-04-27 09:27:31] OPTIONS /E-learning/backend/index.php/api/admin/years
[2026-04-27 09:27:31] GET /E-learning/backend/index.php/api/admin/years
[2026-04-27 09:27:39] OPTIONS /E-learning/backend/index.php/api/admin/active-year
[2026-04-27 09:27:39] POST /E-learning/backend/index.php/api/admin/active-year
[2026-04-27 09:27:39] OPTIONS /E-learning/backend/index.php/api/admin/years
[2026-04-27 09:27:39] GET /E-learning/backend/index.php/api/admin/years
[2026-04-27 09:27:58] OPTIONS /E-learning/backend/index.php/api/admin/years
[2026-04-27 09:27:58] POST /E-learning/backend/index.php/api/admin/years
[2026-04-27 09:27:58] GET /E-learning/backend/index.php/api/admin/years
[2026-04-27 09:28:02] OPTIONS /E-learning/backend/index.php/api/admin/active-year
[2026-04-27 09:28:02] POST /E-learning/backend/index.php/api/admin/active-year
[2026-04-27 09:28:02] GET /E-learning/backend/index.php/api/admin/years
[2026-04-27 09:28:06] OPTIONS /E-learning/backend/index.php/api/admin/users
[2026-04-27 09:28:06] OPTIONS /E-learning/backend/index.php/api/admin/users
[2026-04-27 09:28:06] GET /E-learning/backend/index.php/api/admin/users
[2026-04-27 09:28:06] GET /E-learning/backend/index.php/api/admin/users
[2026-04-27 09:28:07] OPTIONS /E-learning/backend/index.php/api/classes
[2026-04-27 09:28:07] OPTIONS /E-learning/backend/index.php/api/subjects
[2026-04-27 09:28:07] OPTIONS /E-learning/backend/index.php/api/admin/users?role=teacher
[2026-04-27 09:28:07] OPTIONS /E-learning/backend/index.php/api/admin/users?role=student
[2026-04-27 09:28:07] OPTIONS /E-learning/backend/index.php/api/admin/assignments
[2026-04-27 09:28:07] OPTIONS /E-learning/backend/index.php/api/classes
[2026-04-27 09:28:07] OPTIONS /E-learning/backend/index.php/api/subjects
[2026-04-27 09:28:07] OPTIONS /E-learning/backend/index.php/api/admin/users?role=teacher
[2026-04-27 09:28:07] GET /E-learning/backend/index.php/api/admin/users?role=teacher
[2026-04-27 09:28:07] GET /E-learning/backend/index.php/api/admin/users?role=student
[2026-04-27 09:28:07] OPTIONS /E-learning/backend/index.php/api/admin/assignments
[2026-04-27 09:28:07] OPTIONS /E-learning/backend/index.php/api/admin/users?role=student
[2026-04-27 09:28:07] GET /E-learning/backend/index.php/api/classes
[2026-04-27 09:28:07] GET /E-learning/backend/index.php/api/subjects
[2026-04-27 09:28:07] GET /E-learning/backend/index.php/api/admin/assignments
[2026-04-27 09:28:07] GET /E-learning/backend/index.php/api/classes
[2026-04-27 09:28:07] GET /E-learning/backend/index.php/api/subjects
[2026-04-27 09:28:07] GET /E-learning/backend/index.php/api/admin/users?role=teacher
[2026-04-27 09:28:07] GET /E-learning/backend/index.php/api/admin/users?role=student
[2026-04-27 09:28:07] GET /E-learning/backend/index.php/api/admin/assignments
[2026-04-27 09:30:35] OPTIONS /E-learning/backend/index.php/api/admin/years
[2026-04-27 09:30:35] GET /E-learning/backend/index.php/api/admin/years
[2026-04-27 09:30:35] OPTIONS /E-learning/backend/index.php/api/admin/years
[2026-04-27 09:30:35] GET /E-learning/backend/index.php/api/admin/years
[2026-04-27 09:30:39] OPTIONS /E-learning/backend/index.php/api/classes
[2026-04-27 09:30:39] OPTIONS /E-learning/backend/index.php/api/subjects
[2026-04-27 09:30:39] OPTIONS /E-learning/backend/index.php/api/admin/users?role=teacher
[2026-04-27 09:30:39] OPTIONS /E-learning/backend/index.php/api/admin/users?role=student
[2026-04-27 09:30:39] OPTIONS /E-learning/backend/index.php/api/admin/assignments
[2026-04-27 09:30:39] GET /E-learning/backend/index.php/api/classes
[2026-04-27 09:30:39] OPTIONS /E-learning/backend/index.php/api/subjects
[2026-04-27 09:30:39] OPTIONS /E-learning/backend/index.php/api/admin/users?role=teacher
[2026-04-27 09:30:39] GET /E-learning/backend/index.php/api/admin/users?role=teacher
[2026-04-27 09:30:39] OPTIONS /E-learning/backend/index.php/api/admin/users?role=student
[2026-04-27 09:30:39] GET /E-learning/backend/index.php/api/admin/users?role=student
[2026-04-27 09:30:39] OPTIONS /E-learning/backend/index.php/api/admin/assignments
[2026-04-27 09:30:39] GET /E-learning/backend/index.php/api/subjects
[2026-04-27 09:30:39] GET /E-learning/backend/index.php/api/admin/assignments
[2026-04-27 09:30:39] GET /E-learning/backend/index.php/api/classes
[2026-04-27 09:30:39] GET /E-learning/backend/index.php/api/admin/users?role=teacher
[2026-04-27 09:30:39] GET /E-learning/backend/index.php/api/subjects
[2026-04-27 09:30:39] GET /E-learning/backend/index.php/api/admin/users?role=student
[2026-04-27 09:30:39] GET /E-learning/backend/index.php/api/admin/assignments
[2026-04-27 09:31:27] OPTIONS /E-learning/backend/index.php/api/classes
[2026-04-27 09:31:27] OPTIONS /E-learning/backend/index.php/api/subjects
[2026-04-27 09:31:27] OPTIONS /E-learning/backend/index.php/api/admin/users?role=teacher
[2026-04-27 09:31:27] OPTIONS /E-learning/backend/index.php/api/admin/assignments
[2026-04-27 09:31:27] OPTIONS /E-learning/backend/index.php/api/admin/users?role=student
[2026-04-27 09:31:27] GET /E-learning/backend/index.php/api/classes
[2026-04-27 09:31:27] GET /E-learning/backend/index.php/api/subjects
[2026-04-27 09:31:27] GET /E-learning/backend/index.php/api/admin/users?role=teacher
[2026-04-27 09:31:27] GET /E-learning/backend/index.php/api/admin/assignments
[2026-04-27 09:31:27] GET /E-learning/backend/index.php/api/admin/users?role=student
[2026-04-27 09:34:29] OPTIONS /E-learning/backend/index.php/api/classes
[2026-04-27 09:34:29] OPTIONS /E-learning/backend/index.php/api/subjects
[2026-04-27 09:34:29] OPTIONS /E-learning/backend/index.php/api/admin/users?role=teacher
[2026-04-27 09:34:29] OPTIONS /E-learning/backend/index.php/api/admin/users?role=student
[2026-04-27 09:34:29] OPTIONS /E-learning/backend/index.php/api/admin/assignments
[2026-04-27 09:34:29] GET /E-learning/backend/index.php/api/classes
[2026-04-27 09:34:29] OPTIONS /E-learning/backend/index.php/api/subjects
[2026-04-27 09:34:29] OPTIONS /E-learning/backend/index.php/api/admin/users?role=teacher
[2026-04-27 09:34:29] GET /E-learning/backend/index.php/api/admin/users?role=teacher
[2026-04-27 09:34:29] OPTIONS /E-learning/backend/index.php/api/admin/users?role=student
[2026-04-27 09:34:29] GET /E-learning/backend/index.php/api/admin/users?role=student
[2026-04-27 09:34:29] OPTIONS /E-learning/backend/index.php/api/admin/assignments
[2026-04-27 09:34:29] GET /E-learning/backend/index.php/api/subjects
[2026-04-27 09:34:29] GET /E-learning/backend/index.php/api/admin/assignments
[2026-04-27 09:34:29] GET /E-learning/backend/index.php/api/classes
[2026-04-27 09:34:29] GET /E-learning/backend/index.php/api/subjects
[2026-04-27 09:34:29] GET /E-learning/backend/index.php/api/admin/users?role=teacher
[2026-04-27 09:34:29] GET /E-learning/backend/index.php/api/admin/users?role=student
[2026-04-27 09:34:29] GET /E-learning/backend/index.php/api/admin/assignments
[2026-04-27 09:34:34] OPTIONS /E-learning/backend/index.php/api/classes?id=4
[2026-04-27 09:34:34] DELETE /E-learning/backend/index.php/api/classes?id=4
[2026-04-27 09:34:34] GET /E-learning/backend/index.php/api/classes
[2026-04-27 09:34:34] GET /E-learning/backend/index.php/api/subjects
[2026-04-27 09:34:34] GET /E-learning/backend/index.php/api/admin/users?role=teacher
[2026-04-27 09:34:34] GET /E-learning/backend/index.php/api/admin/users?role=student
[2026-04-27 09:34:34] GET /E-learning/backend/index.php/api/admin/assignments
[2026-04-27 09:34:36] OPTIONS /E-learning/backend/index.php/api/classes?id=3
[2026-04-27 09:34:36] DELETE /E-learning/backend/index.php/api/classes?id=3
[2026-04-27 09:34:36] OPTIONS /E-learning/backend/index.php/api/classes
[2026-04-27 09:34:36] OPTIONS /E-learning/backend/index.php/api/subjects
[2026-04-27 09:34:36] OPTIONS /E-learning/backend/index.php/api/admin/users?role=teacher
[2026-04-27 09:34:36] OPTIONS /E-learning/backend/index.php/api/admin/users?role=student
[2026-04-27 09:34:36] OPTIONS /E-learning/backend/index.php/api/admin/assignments
[2026-04-27 09:34:36] GET /E-learning/backend/index.php/api/classes
[2026-04-27 09:34:36] GET /E-learning/backend/index.php/api/subjects
[2026-04-27 09:34:36] GET /E-learning/backend/index.php/api/admin/users?role=teacher
[2026-04-27 09:34:36] GET /E-learning/backend/index.php/api/admin/users?role=student
[2026-04-27 09:34:36] GET /E-learning/backend/index.php/api/admin/assignments
[2026-04-27 09:34:40] OPTIONS /E-learning/backend/index.php/api/classes?id=2
[2026-04-27 09:34:40] DELETE /E-learning/backend/index.php/api/classes?id=2
[2026-04-27 09:34:40] GET /E-learning/backend/index.php/api/classes
[2026-04-27 09:34:40] GET /E-learning/backend/index.php/api/admin/users?role=student
[2026-04-27 09:34:40] GET /E-learning/backend/index.php/api/subjects
[2026-04-27 09:34:40] GET /E-learning/backend/index.php/api/admin/users?role=teacher
[2026-04-27 09:34:40] GET /E-learning/backend/index.php/api/admin/assignments
[2026-04-27 09:34:42] OPTIONS /E-learning/backend/index.php/api/classes?id=1
[2026-04-27 09:34:42] DELETE /E-learning/backend/index.php/api/classes?id=1
[2026-04-27 09:34:42] OPTIONS /E-learning/backend/index.php/api/classes
[2026-04-27 09:34:42] OPTIONS /E-learning/backend/index.php/api/admin/users?role=teacher
[2026-04-27 09:34:42] OPTIONS /E-learning/backend/index.php/api/subjects
[2026-04-27 09:34:42] GET /E-learning/backend/index.php/api/classes
[2026-04-27 09:34:42] OPTIONS /E-learning/backend/index.php/api/admin/assignments
[2026-04-27 09:34:42] OPTIONS /E-learning/backend/index.php/api/admin/users?role=student
[2026-04-27 09:34:42] GET /E-learning/backend/index.php/api/admin/users?role=teacher
[2026-04-27 09:34:42] GET /E-learning/backend/index.php/api/subjects
[2026-04-27 09:34:42] GET /E-learning/backend/index.php/api/admin/assignments
[2026-04-27 09:34:42] GET /E-learning/backend/index.php/api/admin/users?role=student
[2026-04-27 09:34:45] OPTIONS /E-learning/backend/index.php/api/subjects?id=2
[2026-04-27 09:34:45] DELETE /E-learning/backend/index.php/api/subjects?id=2
[2026-04-27 09:34:45] GET /E-learning/backend/index.php/api/classes
[2026-04-27 09:34:45] GET /E-learning/backend/index.php/api/subjects
[2026-04-27 09:34:45] GET /E-learning/backend/index.php/api/admin/users?role=teacher
[2026-04-27 09:34:45] GET /E-learning/backend/index.php/api/admin/assignments
[2026-04-27 09:34:45] GET /E-learning/backend/index.php/api/admin/users?role=student
[2026-04-27 09:34:47] OPTIONS /E-learning/backend/index.php/api/subjects?id=4
[2026-04-27 09:34:47] DELETE /E-learning/backend/index.php/api/subjects?id=4
[2026-04-27 09:34:47] GET /E-learning/backend/index.php/api/classes
[2026-04-27 09:34:47] GET /E-learning/backend/index.php/api/subjects
[2026-04-27 09:34:47] GET /E-learning/backend/index.php/api/admin/users?role=teacher
[2026-04-27 09:34:47] GET /E-learning/backend/index.php/api/admin/assignments
[2026-04-27 09:34:47] GET /E-learning/backend/index.php/api/admin/users?role=student
[2026-04-27 09:34:50] OPTIONS /E-learning/backend/index.php/api/subjects?id=1
[2026-04-27 09:34:50] DELETE /E-learning/backend/index.php/api/subjects?id=1
[2026-04-27 09:34:50] OPTIONS /E-learning/backend/index.php/api/classes
[2026-04-27 09:34:50] OPTIONS /E-learning/backend/index.php/api/subjects
[2026-04-27 09:34:50] OPTIONS /E-learning/backend/index.php/api/admin/users?role=teacher
[2026-04-27 09:34:50] OPTIONS /E-learning/backend/index.php/api/admin/users?role=student
[2026-04-27 09:34:50] OPTIONS /E-learning/backend/index.php/api/admin/assignments
[2026-04-27 09:34:50] GET /E-learning/backend/index.php/api/subjects
[2026-04-27 09:34:50] GET /E-learning/backend/index.php/api/classes
[2026-04-27 09:34:50] GET /E-learning/backend/index.php/api/admin/users?role=teacher
[2026-04-27 09:34:50] GET /E-learning/backend/index.php/api/admin/users?role=student
[2026-04-27 09:34:50] GET /E-learning/backend/index.php/api/admin/assignments
[2026-04-27 09:34:52] OPTIONS /E-learning/backend/index.php/api/subjects?id=3
[2026-04-27 09:34:52] DELETE /E-learning/backend/index.php/api/subjects?id=3
[2026-04-27 09:34:53] GET /E-learning/backend/index.php/api/classes
[2026-04-27 09:34:53] GET /E-learning/backend/index.php/api/subjects
[2026-04-27 09:34:53] GET /E-learning/backend/index.php/api/admin/users?role=teacher
[2026-04-27 09:34:53] GET /E-learning/backend/index.php/api/admin/assignments
[2026-04-27 09:34:53] GET /E-learning/backend/index.php/api/admin/users?role=student
[2026-04-27 09:34:55] GET /E-learning/backend/index.php/api/classes
[2026-04-27 09:34:55] GET /E-learning/backend/index.php/api/subjects
[2026-04-27 09:34:55] GET /E-learning/backend/index.php/api/admin/users?role=teacher
[2026-04-27 09:34:55] GET /E-learning/backend/index.php/api/admin/users?role=student
[2026-04-27 09:34:55] GET /E-learning/backend/index.php/api/admin/assignments
[2026-04-27 09:34:55] GET /E-learning/backend/index.php/api/classes
[2026-04-27 09:34:55] GET /E-learning/backend/index.php/api/subjects
[2026-04-27 09:34:55] GET /E-learning/backend/index.php/api/admin/users?role=teacher
[2026-04-27 09:34:55] GET /E-learning/backend/index.php/api/admin/users?role=student
[2026-04-27 09:34:55] GET /E-learning/backend/index.php/api/admin/assignments
[2026-04-27 09:34:58] OPTIONS /E-learning/backend/index.php/api/admin/years
[2026-04-27 09:34:58] OPTIONS /E-learning/backend/index.php/api/admin/years
[2026-04-27 09:34:58] GET /E-learning/backend/index.php/api/admin/years
[2026-04-27 09:34:58] GET /E-learning/backend/index.php/api/admin/years
[2026-04-27 09:35:00] OPTIONS /E-learning/backend/index.php/api/admin/active-year
[2026-04-27 09:35:00] POST /E-learning/backend/index.php/api/admin/active-year
[2026-04-27 09:35:01] GET /E-learning/backend/index.php/api/admin/years
[2026-04-27 09:35:02] OPTIONS /E-learning/backend/index.php/api/classes
[2026-04-27 09:35:02] OPTIONS /E-learning/backend/index.php/api/subjects
[2026-04-27 09:35:02] OPTIONS /E-learning/backend/index.php/api/admin/users?role=teacher
[2026-04-27 09:35:02] OPTIONS /E-learning/backend/index.php/api/admin/users?role=student
[2026-04-27 09:35:02] OPTIONS /E-learning/backend/index.php/api/admin/assignments
[2026-04-27 09:35:02] OPTIONS /E-learning/backend/index.php/api/classes
[2026-04-27 09:35:02] OPTIONS /E-learning/backend/index.php/api/subjects
[2026-04-27 09:35:02] OPTIONS /E-learning/backend/index.php/api/admin/users?role=teacher
[2026-04-27 09:35:02] GET /E-learning/backend/index.php/api/admin/users?role=teacher
[2026-04-27 09:35:02] OPTIONS /E-learning/backend/index.php/api/admin/users?role=student
[2026-04-27 09:35:02] OPTIONS /E-learning/backend/index.php/api/admin/assignments
[2026-04-27 09:35:02] GET /E-learning/backend/index.php/api/admin/users?role=student
[2026-04-27 09:35:02] GET /E-learning/backend/index.php/api/classes
[2026-04-27 09:35:02] GET /E-learning/backend/index.php/api/subjects
[2026-04-27 09:35:02] GET /E-learning/backend/index.php/api/admin/assignments
[2026-04-27 09:35:02] GET /E-learning/backend/index.php/api/classes
[2026-04-27 09:35:02] GET /E-learning/backend/index.php/api/subjects
[2026-04-27 09:35:02] GET /E-learning/backend/index.php/api/admin/users?role=student
[2026-04-27 09:35:02] GET /E-learning/backend/index.php/api/admin/users?role=teacher
[2026-04-27 09:35:02] GET /E-learning/backend/index.php/api/admin/assignments
[2026-04-27 09:35:10] OPTIONS /E-learning/backend/index.php/api/admin/users
[2026-04-27 09:35:10] OPTIONS /E-learning/backend/index.php/api/admin/users
[2026-04-27 09:35:10] GET /E-learning/backend/index.php/api/admin/users
[2026-04-27 09:35:10] GET /E-learning/backend/index.php/api/admin/users
[2026-04-27 09:37:39] OPTIONS /E-learning/backend/index.php/api/admin/users
[2026-04-27 09:37:39] OPTIONS /E-learning/backend/index.php/api/admin/users
[2026-04-27 09:37:39] GET /E-learning/backend/index.php/api/admin/users
[2026-04-27 09:37:39] GET /E-learning/backend/index.php/api/admin/users
[2026-04-27 09:38:00] OPTIONS /E-learning/backend/index.php/api/admin/users
[2026-04-27 09:38:00] OPTIONS /E-learning/backend/index.php/api/admin/users
[2026-04-27 09:38:00] GET /E-learning/backend/index.php/api/admin/users
[2026-04-27 09:38:00] GET /E-learning/backend/index.php/api/admin/users
[2026-04-27 09:39:08] OPTIONS /E-learning/backend/index.php/api/admin/users
[2026-04-27 09:39:08] POST /E-learning/backend/index.php/api/admin/users
[2026-04-27 09:39:32] OPTIONS /E-learning/backend/index.php/api/admin/users
[2026-04-27 09:39:32] POST /E-learning/backend/index.php/api/admin/users
